<?xml version="1.0" encoding="utf-8"?>
<CoverageSession xmlns:xsd="http://www.w3.org/2001/XMLSchema" xmlns:xsi="http://www.w3.org/2001/XMLSchema-instance" Version="4.7.922.0">
  <Summary numSequencePoints="539" visitedSequencePoints="252" numBranchPoints="136" visitedBranchPoints="78" sequenceCoverage="46.75" branchCoverage="57.35" maxCyclomaticComplexity="4" minCyclomaticComplexity="1" maxCrapScore="12" minCrapScore="1.00" visitedClasses="9" numClasses="11" visitedMethods="47" numMethods="66" />
  <Modules>
    <Module hash="DD-9A-2A-6F-A9-EB-D2-5F-19-F3-80-70-94-FE-3E-33-4C-45-AF-C4">
      <Summary numSequencePoints="90" visitedSequencePoints="90" numBranchPoints="16" visitedBranchPoints="16" sequenceCoverage="100" branchCoverage="100" maxCyclomaticComplexity="1" minCyclomaticComplexity="1" maxCrapScore="2" minCrapScore="1" visitedClasses="4" numClasses="4" visitedMethods="16" numMethods="16" />
      <ModulePath>C:\Users\Carlos\source\repos\ControleTarefas\ControleTarefas.Testes\bin\Debug\fine-code-coverage\build-output\ControleTarefas.Testes.dll</ModulePath>
      <ModuleTime>2021-06-28T19:12:45.707274Z</ModuleTime>
      <ModuleName>ControleTarefas.Testes</ModuleName>
      <Files>
        <File uid="1" fullPath="C:\Users\Carlos\source\repos\ControleTarefas\ControleTarefas.Testes\DominioTestes\CompromissoTestes.cs" />
        <File uid="2" fullPath="C:\Users\Carlos\source\repos\ControleTarefas\ControleTarefas.Testes\DominioTestes\ContatoTestes.cs" />
        <File uid="3" fullPath="C:\Users\Carlos\source\repos\ControleTarefas\ControleTarefas.Testes\DominioTestes\TarefaTestes.cs" />
        <File uid="4" fullPath="C:\Users\Carlos\source\repos\ControleTarefas\ControleTarefas.Testes\ControladorTestes\ControladorCompromissoTestes.cs" />
      </Files>
      <Classes>
        <Class>
          <Summary numSequencePoints="16" visitedSequencePoints="16" numBranchPoints="4" visitedBranchPoints="4" sequenceCoverage="100" branchCoverage="100" maxCyclomaticComplexity="1" minCyclomaticComplexity="1" maxCrapScore="2" minCrapScore="1" visitedClasses="1" numClasses="1" visitedMethods="4" numMethods="4" />
          <FullName>ControleTarefas.Testes.DominioTestes.CompromissoTestes</FullName>
          <Methods>
            <Method visited="true" cyclomaticComplexity="1" nPathComplexity="0" sequenceCoverage="100" branchCoverage="100" crapScore="1" isConstructor="false" isStatic="false" isGetter="false" isSetter="false">
              <Summary numSequencePoints="4" visitedSequencePoints="4" numBranchPoints="1" visitedBranchPoints="1" sequenceCoverage="100" branchCoverage="100" maxCyclomaticComplexity="1" minCyclomaticComplexity="1" maxCrapScore="1" minCrapScore="1" visitedClasses="0" numClasses="0" visitedMethods="1" numMethods="1" />
              <MetadataToken>100663297</MetadataToken>
              <Name>System.Void ControleTarefas.Testes.DominioTestes.CompromissoTestes::ValidarDataValida()</Name>
              <FileRef uid="1" />
              <SequencePoints>
                <SequencePoint vc="1" uspid="1" ordinal="0" offset="0" sl="16" sc="9" el="16" ec="10" bec="0" bev="0" fileid="1" />
                <SequencePoint vc="1" uspid="2" ordinal="1" offset="1" sl="17" sc="13" el="17" ec="173" bec="0" bev="0" fileid="1" />
                <SequencePoint vc="1" uspid="3" ordinal="2" offset="53" sl="19" sc="13" el="19" ec="56" bec="0" bev="0" fileid="1" />
                <SequencePoint vc="1" uspid="4" ordinal="3" offset="66" sl="20" sc="9" el="20" ec="10" bec="0" bev="0" fileid="1" />
              </SequencePoints>
              <BranchPoints />
              <MethodPoint xsi:type="SequencePoint" vc="1" uspid="1" ordinal="0" offset="0" sl="16" sc="9" el="16" ec="10" bec="0" bev="0" fileid="1" />
            </Method>
            <Method visited="true" cyclomaticComplexity="1" nPathComplexity="0" sequenceCoverage="100" branchCoverage="100" crapScore="1" isConstructor="false" isStatic="false" isGetter="false" isSetter="false">
              <Summary numSequencePoints="4" visitedSequencePoints="4" numBranchPoints="1" visitedBranchPoints="1" sequenceCoverage="100" branchCoverage="100" maxCyclomaticComplexity="1" minCyclomaticComplexity="1" maxCrapScore="1" minCrapScore="1" visitedClasses="0" numClasses="0" visitedMethods="1" numMethods="1" />
              <MetadataToken>100663298</MetadataToken>
              <Name>System.Void ControleTarefas.Testes.DominioTestes.CompromissoTestes::ValidarDataInvalida()</Name>
              <FileRef uid="1" />
              <SequencePoints>
                <SequencePoint vc="1" uspid="5" ordinal="0" offset="0" sl="24" sc="9" el="24" ec="10" bec="0" bev="0" fileid="1" />
                <SequencePoint vc="1" uspid="6" ordinal="1" offset="1" sl="25" sc="13" el="25" ec="172" bec="0" bev="0" fileid="1" />
                <SequencePoint vc="1" uspid="7" ordinal="2" offset="53" sl="27" sc="13" el="27" ec="57" bec="0" bev="0" fileid="1" />
                <SequencePoint vc="1" uspid="8" ordinal="3" offset="66" sl="28" sc="9" el="28" ec="10" bec="0" bev="0" fileid="1" />
              </SequencePoints>
              <BranchPoints />
              <MethodPoint xsi:type="SequencePoint" vc="1" uspid="5" ordinal="0" offset="0" sl="24" sc="9" el="24" ec="10" bec="0" bev="0" fileid="1" />
            </Method>
            <Method visited="true" cyclomaticComplexity="1" nPathComplexity="0" sequenceCoverage="100" branchCoverage="100" crapScore="1" isConstructor="false" isStatic="false" isGetter="false" isSetter="false">
              <Summary numSequencePoints="4" visitedSequencePoints="4" numBranchPoints="1" visitedBranchPoints="1" sequenceCoverage="100" branchCoverage="100" maxCyclomaticComplexity="1" minCyclomaticComplexity="1" maxCrapScore="1" minCrapScore="1" visitedClasses="0" numClasses="0" visitedMethods="1" numMethods="1" />
              <MetadataToken>100663299</MetadataToken>
              <Name>System.Void ControleTarefas.Testes.DominioTestes.CompromissoTestes::ValidarHorarioValido()</Name>
              <FileRef uid="1" />
              <SequencePoints>
                <SequencePoint vc="1" uspid="9" ordinal="0" offset="0" sl="32" sc="9" el="32" ec="10" bec="0" bev="0" fileid="1" />
                <SequencePoint vc="1" uspid="10" ordinal="1" offset="1" sl="33" sc="13" el="33" ec="172" bec="0" bev="0" fileid="1" />
                <SequencePoint vc="1" uspid="11" ordinal="2" offset="53" sl="35" sc="13" el="35" ec="59" bec="0" bev="0" fileid="1" />
                <SequencePoint vc="1" uspid="12" ordinal="3" offset="66" sl="36" sc="9" el="36" ec="10" bec="0" bev="0" fileid="1" />
              </SequencePoints>
              <BranchPoints />
              <MethodPoint xsi:type="SequencePoint" vc="1" uspid="9" ordinal="0" offset="0" sl="32" sc="9" el="32" ec="10" bec="0" bev="0" fileid="1" />
            </Method>
            <Method visited="true" cyclomaticComplexity="1" nPathComplexity="0" sequenceCoverage="100" branchCoverage="100" crapScore="1" isConstructor="false" isStatic="false" isGetter="false" isSetter="false">
              <Summary numSequencePoints="4" visitedSequencePoints="4" numBranchPoints="1" visitedBranchPoints="1" sequenceCoverage="100" branchCoverage="100" maxCyclomaticComplexity="1" minCyclomaticComplexity="1" maxCrapScore="1" minCrapScore="1" visitedClasses="0" numClasses="0" visitedMethods="1" numMethods="1" />
              <MetadataToken>100663300</MetadataToken>
              <Name>System.Void ControleTarefas.Testes.DominioTestes.CompromissoTestes::ValidarHorarioInvalido()</Name>
              <FileRef uid="1" />
              <SequencePoints>
                <SequencePoint vc="1" uspid="13" ordinal="0" offset="0" sl="40" sc="9" el="40" ec="10" bec="0" bev="0" fileid="1" />
                <SequencePoint vc="1" uspid="14" ordinal="1" offset="1" sl="41" sc="13" el="41" ec="172" bec="0" bev="0" fileid="1" />
                <SequencePoint vc="1" uspid="15" ordinal="2" offset="53" sl="43" sc="13" el="43" ec="60" bec="0" bev="0" fileid="1" />
                <SequencePoint vc="1" uspid="16" ordinal="3" offset="66" sl="44" sc="9" el="44" ec="10" bec="0" bev="0" fileid="1" />
              </SequencePoints>
              <BranchPoints />
              <MethodPoint xsi:type="SequencePoint" vc="1" uspid="13" ordinal="0" offset="0" sl="40" sc="9" el="40" ec="10" bec="0" bev="0" fileid="1" />
            </Method>
            <Method visited="false" cyclomaticComplexity="1" nPathComplexity="0" sequenceCoverage="0" branchCoverage="0" crapScore="2" isConstructor="true" isStatic="false" isGetter="false" isSetter="false">
              <Summary numSequencePoints="0" visitedSequencePoints="0" numBranchPoints="0" visitedBranchPoints="0" sequenceCoverage="0" branchCoverage="0" maxCyclomaticComplexity="1" minCyclomaticComplexity="1" maxCrapScore="2" minCrapScore="2" visitedClasses="0" numClasses="0" visitedMethods="0" numMethods="0" />
              <MetadataToken>100663301</MetadataToken>
              <Name>System.Void ControleTarefas.Testes.DominioTestes.CompromissoTestes::.ctor()</Name>
              <SequencePoints />
              <BranchPoints />
              <MethodPoint vc="0" uspid="17" ordinal="0" offset="0" />
            </Method>
          </Methods>
        </Class>
        <Class>
          <Summary numSequencePoints="24" visitedSequencePoints="24" numBranchPoints="4" visitedBranchPoints="4" sequenceCoverage="100" branchCoverage="100" maxCyclomaticComplexity="1" minCyclomaticComplexity="1" maxCrapScore="2" minCrapScore="1" visitedClasses="1" numClasses="1" visitedMethods="4" numMethods="4" />
          <FullName>ControleTarefas.Testes.DominioTestes.ContatoTestes</FullName>
          <Methods>
            <Method visited="true" cyclomaticComplexity="1" nPathComplexity="0" sequenceCoverage="100" branchCoverage="100" crapScore="1" isConstructor="false" isStatic="false" isGetter="false" isSetter="false">
              <Summary numSequencePoints="6" visitedSequencePoints="6" numBranchPoints="1" visitedBranchPoints="1" sequenceCoverage="100" branchCoverage="100" maxCyclomaticComplexity="1" minCyclomaticComplexity="1" maxCrapScore="1" minCrapScore="1" visitedClasses="0" numClasses="0" visitedMethods="1" numMethods="1" />
              <MetadataToken>100663302</MetadataToken>
              <Name>System.Void ControleTarefas.Testes.DominioTestes.ContatoTestes::EmailValido()</Name>
              <FileRef uid="2" />
              <SequencePoints>
                <SequencePoint vc="1" uspid="18" ordinal="0" offset="0" sl="13" sc="9" el="13" ec="10" bec="0" bev="0" fileid="2" />
                <SequencePoint vc="1" uspid="19" ordinal="1" offset="1" sl="14" sc="13" el="14" ec="42" bec="0" bev="0" fileid="2" />
                <SequencePoint vc="1" uspid="20" ordinal="2" offset="7" sl="15" sc="13" el="15" ec="59" bec="0" bev="0" fileid="2" />
                <SequencePoint vc="1" uspid="21" ordinal="3" offset="31" sl="17" sc="13" el="17" ec="57" bec="0" bev="0" fileid="2" />
                <SequencePoint vc="1" uspid="22" ordinal="4" offset="44" sl="18" sc="13" el="18" ec="53" bec="0" bev="0" fileid="2" />
                <SequencePoint vc="1" uspid="23" ordinal="5" offset="57" sl="19" sc="9" el="19" ec="10" bec="0" bev="0" fileid="2" />
              </SequencePoints>
              <BranchPoints />
              <MethodPoint xsi:type="SequencePoint" vc="1" uspid="18" ordinal="0" offset="0" sl="13" sc="9" el="13" ec="10" bec="0" bev="0" fileid="2" />
            </Method>
            <Method visited="true" cyclomaticComplexity="1" nPathComplexity="0" sequenceCoverage="100" branchCoverage="100" crapScore="1" isConstructor="false" isStatic="false" isGetter="false" isSetter="false">
              <Summary numSequencePoints="6" visitedSequencePoints="6" numBranchPoints="1" visitedBranchPoints="1" sequenceCoverage="100" branchCoverage="100" maxCyclomaticComplexity="1" minCyclomaticComplexity="1" maxCrapScore="1" minCrapScore="1" visitedClasses="0" numClasses="0" visitedMethods="1" numMethods="1" />
              <MetadataToken>100663303</MetadataToken>
              <Name>System.Void ControleTarefas.Testes.DominioTestes.ContatoTestes::EmailInvalido()</Name>
              <FileRef uid="2" />
              <SequencePoints>
                <SequencePoint vc="1" uspid="24" ordinal="0" offset="0" sl="23" sc="9" el="23" ec="10" bec="0" bev="0" fileid="2" />
                <SequencePoint vc="1" uspid="25" ordinal="1" offset="1" sl="24" sc="13" el="24" ec="34" bec="0" bev="0" fileid="2" />
                <SequencePoint vc="1" uspid="26" ordinal="2" offset="7" sl="25" sc="13" el="25" ec="63" bec="0" bev="0" fileid="2" />
                <SequencePoint vc="1" uspid="27" ordinal="3" offset="31" sl="27" sc="13" el="27" ec="58" bec="0" bev="0" fileid="2" />
                <SequencePoint vc="1" uspid="28" ordinal="4" offset="44" sl="28" sc="13" el="28" ec="53" bec="0" bev="0" fileid="2" />
                <SequencePoint vc="1" uspid="29" ordinal="5" offset="57" sl="29" sc="9" el="29" ec="10" bec="0" bev="0" fileid="2" />
              </SequencePoints>
              <BranchPoints />
              <MethodPoint xsi:type="SequencePoint" vc="1" uspid="24" ordinal="0" offset="0" sl="23" sc="9" el="23" ec="10" bec="0" bev="0" fileid="2" />
            </Method>
            <Method visited="true" cyclomaticComplexity="1" nPathComplexity="0" sequenceCoverage="100" branchCoverage="100" crapScore="1" isConstructor="false" isStatic="false" isGetter="false" isSetter="false">
              <Summary numSequencePoints="6" visitedSequencePoints="6" numBranchPoints="1" visitedBranchPoints="1" sequenceCoverage="100" branchCoverage="100" maxCyclomaticComplexity="1" minCyclomaticComplexity="1" maxCrapScore="1" minCrapScore="1" visitedClasses="0" numClasses="0" visitedMethods="1" numMethods="1" />
              <MetadataToken>100663304</MetadataToken>
              <Name>System.Void ControleTarefas.Testes.DominioTestes.ContatoTestes::TelefoneValido()</Name>
              <FileRef uid="2" />
              <SequencePoints>
                <SequencePoint vc="1" uspid="30" ordinal="0" offset="0" sl="33" sc="9" el="33" ec="10" bec="0" bev="0" fileid="2" />
                <SequencePoint vc="1" uspid="31" ordinal="1" offset="1" sl="34" sc="13" el="34" ec="38" bec="0" bev="0" fileid="2" />
                <SequencePoint vc="1" uspid="32" ordinal="2" offset="7" sl="35" sc="13" el="35" ec="67" bec="0" bev="0" fileid="2" />
                <SequencePoint vc="1" uspid="33" ordinal="3" offset="35" sl="37" sc="13" el="37" ec="60" bec="0" bev="0" fileid="2" />
                <SequencePoint vc="1" uspid="34" ordinal="4" offset="48" sl="38" sc="13" el="38" ec="53" bec="0" bev="0" fileid="2" />
                <SequencePoint vc="1" uspid="35" ordinal="5" offset="61" sl="39" sc="9" el="39" ec="10" bec="0" bev="0" fileid="2" />
              </SequencePoints>
              <BranchPoints />
              <MethodPoint xsi:type="SequencePoint" vc="1" uspid="30" ordinal="0" offset="0" sl="33" sc="9" el="33" ec="10" bec="0" bev="0" fileid="2" />
            </Method>
            <Method visited="true" cyclomaticComplexity="1" nPathComplexity="0" sequenceCoverage="100" branchCoverage="100" crapScore="1" isConstructor="false" isStatic="false" isGetter="false" isSetter="false">
              <Summary numSequencePoints="6" visitedSequencePoints="6" numBranchPoints="1" visitedBranchPoints="1" sequenceCoverage="100" branchCoverage="100" maxCyclomaticComplexity="1" minCyclomaticComplexity="1" maxCrapScore="1" minCrapScore="1" visitedClasses="0" numClasses="0" visitedMethods="1" numMethods="1" />
              <MetadataToken>100663305</MetadataToken>
              <Name>System.Void ControleTarefas.Testes.DominioTestes.ContatoTestes::TelefoneInvalido()</Name>
              <FileRef uid="2" />
              <SequencePoints>
                <SequencePoint vc="1" uspid="36" ordinal="0" offset="0" sl="43" sc="9" el="43" ec="10" bec="0" bev="0" fileid="2" />
                <SequencePoint vc="1" uspid="37" ordinal="1" offset="1" sl="44" sc="13" el="44" ec="33" bec="0" bev="0" fileid="2" />
                <SequencePoint vc="1" uspid="38" ordinal="2" offset="7" sl="45" sc="13" el="45" ec="67" bec="0" bev="0" fileid="2" />
                <SequencePoint vc="1" uspid="39" ordinal="3" offset="35" sl="47" sc="13" el="47" ec="61" bec="0" bev="0" fileid="2" />
                <SequencePoint vc="1" uspid="40" ordinal="4" offset="48" sl="48" sc="13" el="48" ec="53" bec="0" bev="0" fileid="2" />
                <SequencePoint vc="1" uspid="41" ordinal="5" offset="61" sl="49" sc="9" el="49" ec="10" bec="0" bev="0" fileid="2" />
              </SequencePoints>
              <BranchPoints />
              <MethodPoint xsi:type="SequencePoint" vc="1" uspid="36" ordinal="0" offset="0" sl="43" sc="9" el="43" ec="10" bec="0" bev="0" fileid="2" />
            </Method>
            <Method visited="false" cyclomaticComplexity="1" nPathComplexity="0" sequenceCoverage="0" branchCoverage="0" crapScore="2" isConstructor="true" isStatic="false" isGetter="false" isSetter="false">
              <Summary numSequencePoints="0" visitedSequencePoints="0" numBranchPoints="0" visitedBranchPoints="0" sequenceCoverage="0" branchCoverage="0" maxCyclomaticComplexity="1" minCyclomaticComplexity="1" maxCrapScore="2" minCrapScore="2" visitedClasses="0" numClasses="0" visitedMethods="0" numMethods="0" />
              <MetadataToken>100663306</MetadataToken>
              <Name>System.Void ControleTarefas.Testes.DominioTestes.ContatoTestes::.ctor()</Name>
              <SequencePoints />
              <BranchPoints />
              <MethodPoint vc="0" uspid="42" ordinal="0" offset="0" />
            </Method>
          </Methods>
        </Class>
        <Class>
          <Summary numSequencePoints="20" visitedSequencePoints="20" numBranchPoints="5" visitedBranchPoints="5" sequenceCoverage="100" branchCoverage="100" maxCyclomaticComplexity="1" minCyclomaticComplexity="1" maxCrapScore="2" minCrapScore="1" visitedClasses="1" numClasses="1" visitedMethods="5" numMethods="5" />
          <FullName>ControleTarefas.Testes.DominioTestes.TarefaTestes</FullName>
          <Methods>
            <Method visited="true" cyclomaticComplexity="1" nPathComplexity="0" sequenceCoverage="100" branchCoverage="100" crapScore="1" isConstructor="false" isStatic="false" isGetter="false" isSetter="false">
              <Summary numSequencePoints="4" visitedSequencePoints="4" numBranchPoints="1" visitedBranchPoints="1" sequenceCoverage="100" branchCoverage="100" maxCyclomaticComplexity="1" minCyclomaticComplexity="1" maxCrapScore="1" minCrapScore="1" visitedClasses="0" numClasses="0" visitedMethods="1" numMethods="1" />
              <MetadataToken>100663307</MetadataToken>
              <Name>System.Void ControleTarefas.Testes.DominioTestes.TarefaTestes::AoCriarTarefaDataConclusaoValorMaximo()</Name>
              <FileRef uid="3" />
              <SequencePoints>
                <SequencePoint vc="1" uspid="43" ordinal="0" offset="0" sl="12" sc="9" el="12" ec="10" bec="0" bev="0" fileid="3" />
                <SequencePoint vc="1" uspid="44" ordinal="1" offset="1" sl="13" sc="13" el="13" ec="78" bec="0" bev="0" fileid="3" />
                <SequencePoint vc="1" uspid="45" ordinal="2" offset="24" sl="15" sc="13" el="15" ec="69" bec="0" bev="0" fileid="3" />
                <SequencePoint vc="1" uspid="46" ordinal="3" offset="41" sl="16" sc="9" el="16" ec="10" bec="0" bev="0" fileid="3" />
              </SequencePoints>
              <BranchPoints />
              <MethodPoint xsi:type="SequencePoint" vc="1" uspid="43" ordinal="0" offset="0" sl="12" sc="9" el="12" ec="10" bec="0" bev="0" fileid="3" />
            </Method>
            <Method visited="true" cyclomaticComplexity="1" nPathComplexity="0" sequenceCoverage="100" branchCoverage="100" crapScore="1" isConstructor="false" isStatic="false" isGetter="false" isSetter="false">
              <Summary numSequencePoints="4" visitedSequencePoints="4" numBranchPoints="1" visitedBranchPoints="1" sequenceCoverage="100" branchCoverage="100" maxCyclomaticComplexity="1" minCyclomaticComplexity="1" maxCrapScore="1" minCrapScore="1" visitedClasses="0" numClasses="0" visitedMethods="1" numMethods="1" />
              <MetadataToken>100663308</MetadataToken>
              <Name>System.Void ControleTarefas.Testes.DominioTestes.TarefaTestes::ValidarPrioridadeValido()</Name>
              <FileRef uid="3" />
              <SequencePoints>
                <SequencePoint vc="1" uspid="47" ordinal="0" offset="0" sl="20" sc="9" el="20" ec="10" bec="0" bev="0" fileid="3" />
                <SequencePoint vc="1" uspid="48" ordinal="1" offset="1" sl="21" sc="13" el="21" ec="78" bec="0" bev="0" fileid="3" />
                <SequencePoint vc="1" uspid="49" ordinal="2" offset="24" sl="23" sc="13" el="23" ec="62" bec="0" bev="0" fileid="3" />
                <SequencePoint vc="1" uspid="50" ordinal="3" offset="37" sl="24" sc="9" el="24" ec="10" bec="0" bev="0" fileid="3" />
              </SequencePoints>
              <BranchPoints />
              <MethodPoint xsi:type="SequencePoint" vc="1" uspid="47" ordinal="0" offset="0" sl="20" sc="9" el="20" ec="10" bec="0" bev="0" fileid="3" />
            </Method>
            <Method visited="true" cyclomaticComplexity="1" nPathComplexity="0" sequenceCoverage="100" branchCoverage="100" crapScore="1" isConstructor="false" isStatic="false" isGetter="false" isSetter="false">
              <Summary numSequencePoints="4" visitedSequencePoints="4" numBranchPoints="1" visitedBranchPoints="1" sequenceCoverage="100" branchCoverage="100" maxCyclomaticComplexity="1" minCyclomaticComplexity="1" maxCrapScore="1" minCrapScore="1" visitedClasses="0" numClasses="0" visitedMethods="1" numMethods="1" />
              <MetadataToken>100663309</MetadataToken>
              <Name>System.Void ControleTarefas.Testes.DominioTestes.TarefaTestes::ValidarPrioridadeInvalido()</Name>
              <FileRef uid="3" />
              <SequencePoints>
                <SequencePoint vc="1" uspid="51" ordinal="0" offset="0" sl="28" sc="9" el="28" ec="10" bec="0" bev="0" fileid="3" />
                <SequencePoint vc="1" uspid="52" ordinal="1" offset="1" sl="29" sc="13" el="29" ec="78" bec="0" bev="0" fileid="3" />
                <SequencePoint vc="1" uspid="53" ordinal="2" offset="24" sl="31" sc="13" el="31" ec="63" bec="0" bev="0" fileid="3" />
                <SequencePoint vc="1" uspid="54" ordinal="3" offset="37" sl="32" sc="9" el="32" ec="10" bec="0" bev="0" fileid="3" />
              </SequencePoints>
              <BranchPoints />
              <MethodPoint xsi:type="SequencePoint" vc="1" uspid="51" ordinal="0" offset="0" sl="28" sc="9" el="28" ec="10" bec="0" bev="0" fileid="3" />
            </Method>
            <Method visited="true" cyclomaticComplexity="1" nPathComplexity="0" sequenceCoverage="100" branchCoverage="100" crapScore="1" isConstructor="false" isStatic="false" isGetter="false" isSetter="false">
              <Summary numSequencePoints="4" visitedSequencePoints="4" numBranchPoints="1" visitedBranchPoints="1" sequenceCoverage="100" branchCoverage="100" maxCyclomaticComplexity="1" minCyclomaticComplexity="1" maxCrapScore="1" minCrapScore="1" visitedClasses="0" numClasses="0" visitedMethods="1" numMethods="1" />
              <MetadataToken>100663310</MetadataToken>
              <Name>System.Void ControleTarefas.Testes.DominioTestes.TarefaTestes::ValidarPercentualInvalido()</Name>
              <FileRef uid="3" />
              <SequencePoints>
                <SequencePoint vc="1" uspid="55" ordinal="0" offset="0" sl="36" sc="9" el="36" ec="10" bec="0" bev="0" fileid="3" />
                <SequencePoint vc="1" uspid="56" ordinal="1" offset="1" sl="37" sc="13" el="37" ec="80" bec="0" bev="0" fileid="3" />
                <SequencePoint vc="1" uspid="57" ordinal="2" offset="25" sl="39" sc="13" el="39" ec="72" bec="0" bev="0" fileid="3" />
                <SequencePoint vc="1" uspid="58" ordinal="3" offset="38" sl="40" sc="9" el="40" ec="10" bec="0" bev="0" fileid="3" />
              </SequencePoints>
              <BranchPoints />
              <MethodPoint xsi:type="SequencePoint" vc="1" uspid="55" ordinal="0" offset="0" sl="36" sc="9" el="36" ec="10" bec="0" bev="0" fileid="3" />
            </Method>
            <Method visited="true" cyclomaticComplexity="1" nPathComplexity="0" sequenceCoverage="100" branchCoverage="100" crapScore="1" isConstructor="false" isStatic="false" isGetter="false" isSetter="false">
              <Summary numSequencePoints="4" visitedSequencePoints="4" numBranchPoints="1" visitedBranchPoints="1" sequenceCoverage="100" branchCoverage="100" maxCyclomaticComplexity="1" minCyclomaticComplexity="1" maxCrapScore="1" minCrapScore="1" visitedClasses="0" numClasses="0" visitedMethods="1" numMethods="1" />
              <MetadataToken>100663311</MetadataToken>
              <Name>System.Void ControleTarefas.Testes.DominioTestes.TarefaTestes::ValidarPercentualValido()</Name>
              <FileRef uid="3" />
              <SequencePoints>
                <SequencePoint vc="1" uspid="59" ordinal="0" offset="0" sl="44" sc="9" el="44" ec="10" bec="0" bev="0" fileid="3" />
                <SequencePoint vc="1" uspid="60" ordinal="1" offset="1" sl="45" sc="13" el="45" ec="79" bec="0" bev="0" fileid="3" />
                <SequencePoint vc="1" uspid="61" ordinal="2" offset="25" sl="47" sc="13" el="47" ec="71" bec="0" bev="0" fileid="3" />
                <SequencePoint vc="1" uspid="62" ordinal="3" offset="38" sl="48" sc="9" el="48" ec="10" bec="0" bev="0" fileid="3" />
              </SequencePoints>
              <BranchPoints />
              <MethodPoint xsi:type="SequencePoint" vc="1" uspid="59" ordinal="0" offset="0" sl="44" sc="9" el="44" ec="10" bec="0" bev="0" fileid="3" />
            </Method>
            <Method visited="false" cyclomaticComplexity="1" nPathComplexity="0" sequenceCoverage="0" branchCoverage="0" crapScore="2" isConstructor="true" isStatic="false" isGetter="false" isSetter="false">
              <Summary numSequencePoints="0" visitedSequencePoints="0" numBranchPoints="0" visitedBranchPoints="0" sequenceCoverage="0" branchCoverage="0" maxCyclomaticComplexity="1" minCyclomaticComplexity="1" maxCrapScore="2" minCrapScore="2" visitedClasses="0" numClasses="0" visitedMethods="0" numMethods="0" />
              <MetadataToken>100663312</MetadataToken>
              <Name>System.Void ControleTarefas.Testes.DominioTestes.TarefaTestes::.ctor()</Name>
              <SequencePoints />
              <BranchPoints />
              <MethodPoint vc="0" uspid="63" ordinal="0" offset="0" />
            </Method>
          </Methods>
        </Class>
        <Class>
          <Summary numSequencePoints="30" visitedSequencePoints="30" numBranchPoints="3" visitedBranchPoints="3" sequenceCoverage="100" branchCoverage="100" maxCyclomaticComplexity="1" minCyclomaticComplexity="1" maxCrapScore="2" minCrapScore="1" visitedClasses="1" numClasses="1" visitedMethods="3" numMethods="3" />
          <FullName>ControleCompromissos.Testes.ControladorTestes.ControladorCompromissoTestes</FullName>
          <Methods>
            <Method visited="true" cyclomaticComplexity="1" nPathComplexity="0" sequenceCoverage="100" branchCoverage="100" crapScore="1" isConstructor="false" isStatic="false" isGetter="false" isSetter="false">
              <Summary numSequencePoints="10" visitedSequencePoints="10" numBranchPoints="1" visitedBranchPoints="1" sequenceCoverage="100" branchCoverage="100" maxCyclomaticComplexity="1" minCyclomaticComplexity="1" maxCrapScore="1" minCrapScore="1" visitedClasses="0" numClasses="0" visitedMethods="1" numMethods="1" />
              <MetadataToken>100663313</MetadataToken>
              <Name>System.Void ControleCompromissos.Testes.ControladorTestes.ControladorCompromissoTestes::DeveInserirUmCompromisso()</Name>
              <FileRef uid="4" />
              <SequencePoints>
                <SequencePoint vc="1" uspid="64" ordinal="0" offset="0" sl="17" sc="9" el="17" ec="10" bec="0" bev="0" fileid="4" />
                <SequencePoint vc="1" uspid="65" ordinal="1" offset="1" sl="19" sc="13" el="19" ec="178" bec="0" bev="0" fileid="4" />
                <SequencePoint vc="1" uspid="66" ordinal="2" offset="53" sl="22" sc="13" el="22" ec="79" bec="0" bev="0" fileid="4" />
                <SequencePoint vc="1" uspid="67" ordinal="3" offset="59" sl="25" sc="13" el="25" ec="50" bec="0" bev="0" fileid="4" />
                <SequencePoint vc="1" uspid="68" ordinal="4" offset="67" sl="28" sc="13" el="28" ec="47" bec="0" bev="0" fileid="4" />
                <SequencePoint vc="1" uspid="69" ordinal="5" offset="82" sl="30" sc="13" el="30" ec="37" bec="0" bev="0" fileid="4" />
                <SequencePoint vc="1" uspid="70" ordinal="6" offset="89" sl="32" sc="13" el="32" ec="89" bec="0" bev="0" fileid="4" />
                <SequencePoint vc="1" uspid="71" ordinal="7" offset="97" sl="33" sc="13" el="33" ec="67" bec="0" bev="0" fileid="4" />
                <SequencePoint vc="1" uspid="72" ordinal="8" offset="114" sl="34" sc="13" el="34" ec="91" bec="0" bev="0" fileid="4" />
                <SequencePoint vc="1" uspid="73" ordinal="9" offset="136" sl="35" sc="9" el="35" ec="10" bec="0" bev="0" fileid="4" />
              </SequencePoints>
              <BranchPoints />
              <MethodPoint xsi:type="SequencePoint" vc="1" uspid="64" ordinal="0" offset="0" sl="17" sc="9" el="17" ec="10" bec="0" bev="0" fileid="4" />
            </Method>
            <Method visited="true" cyclomaticComplexity="1" nPathComplexity="0" sequenceCoverage="100" branchCoverage="100" crapScore="1" isConstructor="false" isStatic="false" isGetter="false" isSetter="false">
              <Summary numSequencePoints="11" visitedSequencePoints="11" numBranchPoints="1" visitedBranchPoints="1" sequenceCoverage="100" branchCoverage="100" maxCyclomaticComplexity="1" minCyclomaticComplexity="1" maxCrapScore="1" minCrapScore="1" visitedClasses="0" numClasses="0" visitedMethods="1" numMethods="1" />
              <MetadataToken>100663314</MetadataToken>
              <Name>System.Void ControleCompromissos.Testes.ControladorTestes.ControladorCompromissoTestes::DeveAtualizarUmCompromisso()</Name>
              <FileRef uid="4" />
              <SequencePoints>
                <SequencePoint vc="1" uspid="74" ordinal="0" offset="0" sl="39" sc="9" el="39" ec="10" bec="0" bev="0" fileid="4" />
                <SequencePoint vc="1" uspid="75" ordinal="1" offset="1" sl="41" sc="13" el="41" ec="181" bec="0" bev="0" fileid="4" />
                <SequencePoint vc="1" uspid="76" ordinal="2" offset="53" sl="43" sc="13" el="43" ec="79" bec="0" bev="0" fileid="4" />
                <SequencePoint vc="1" uspid="77" ordinal="3" offset="59" sl="44" sc="13" el="44" ec="51" bec="0" bev="0" fileid="4" />
                <SequencePoint vc="1" uspid="78" ordinal="4" offset="67" sl="45" sc="13" el="45" ec="38" bec="0" bev="0" fileid="4" />
                <SequencePoint vc="1" uspid="79" ordinal="5" offset="74" sl="48" sc="13" el="48" ec="181" bec="0" bev="0" fileid="4" />
                <SequencePoint vc="1" uspid="80" ordinal="6" offset="126" sl="49" sc="13" el="49" ec="58" bec="0" bev="0" fileid="4" />
                <SequencePoint vc="1" uspid="81" ordinal="7" offset="135" sl="52" sc="13" el="52" ec="89" bec="0" bev="0" fileid="4" />
                <SequencePoint vc="1" uspid="82" ordinal="8" offset="144" sl="53" sc="13" el="53" ec="72" bec="0" bev="0" fileid="4" />
                <SequencePoint vc="1" uspid="83" ordinal="9" offset="162" sl="54" sc="13" el="54" ec="92" bec="0" bev="0" fileid="4" />
                <SequencePoint vc="1" uspid="84" ordinal="10" offset="185" sl="55" sc="9" el="55" ec="10" bec="0" bev="0" fileid="4" />
              </SequencePoints>
              <BranchPoints />
              <MethodPoint xsi:type="SequencePoint" vc="1" uspid="74" ordinal="0" offset="0" sl="39" sc="9" el="39" ec="10" bec="0" bev="0" fileid="4" />
            </Method>
            <Method visited="true" cyclomaticComplexity="1" nPathComplexity="0" sequenceCoverage="100" branchCoverage="100" crapScore="1" isConstructor="false" isStatic="false" isGetter="false" isSetter="false">
              <Summary numSequencePoints="9" visitedSequencePoints="9" numBranchPoints="1" visitedBranchPoints="1" sequenceCoverage="100" branchCoverage="100" maxCyclomaticComplexity="1" minCyclomaticComplexity="1" maxCrapScore="1" minCrapScore="1" visitedClasses="0" numClasses="0" visitedMethods="1" numMethods="1" />
              <MetadataToken>100663315</MetadataToken>
              <Name>System.Void ControleCompromissos.Testes.ControladorTestes.ControladorCompromissoTestes::DeveExcluirUmCompromisso()</Name>
              <FileRef uid="4" />
              <SequencePoints>
                <SequencePoint vc="1" uspid="85" ordinal="0" offset="0" sl="59" sc="9" el="59" ec="10" bec="0" bev="0" fileid="4" />
                <SequencePoint vc="1" uspid="86" ordinal="1" offset="1" sl="61" sc="13" el="61" ec="178" bec="0" bev="0" fileid="4" />
                <SequencePoint vc="1" uspid="87" ordinal="2" offset="53" sl="62" sc="13" el="62" ec="79" bec="0" bev="0" fileid="4" />
                <SequencePoint vc="1" uspid="88" ordinal="3" offset="59" sl="65" sc="13" el="65" ec="50" bec="0" bev="0" fileid="4" />
                <SequencePoint vc="1" uspid="89" ordinal="4" offset="67" sl="66" sc="13" el="66" ec="37" bec="0" bev="0" fileid="4" />
                <SequencePoint vc="1" uspid="90" ordinal="5" offset="74" sl="69" sc="13" el="69" ec="45" bec="0" bev="0" fileid="4" />
                <SequencePoint vc="1" uspid="91" ordinal="6" offset="82" sl="72" sc="13" el="72" ec="89" bec="0" bev="0" fileid="4" />
                <SequencePoint vc="1" uspid="92" ordinal="7" offset="90" sl="73" sc="13" el="73" ec="50" bec="0" bev="0" fileid="4" />
                <SequencePoint vc="1" uspid="93" ordinal="8" offset="97" sl="74" sc="9" el="74" ec="10" bec="0" bev="0" fileid="4" />
              </SequencePoints>
              <BranchPoints />
              <MethodPoint xsi:type="SequencePoint" vc="1" uspid="85" ordinal="0" offset="0" sl="59" sc="9" el="59" ec="10" bec="0" bev="0" fileid="4" />
            </Method>
            <Method visited="false" cyclomaticComplexity="1" nPathComplexity="0" sequenceCoverage="0" branchCoverage="0" crapScore="2" isConstructor="true" isStatic="false" isGetter="false" isSetter="false">
              <Summary numSequencePoints="0" visitedSequencePoints="0" numBranchPoints="0" visitedBranchPoints="0" sequenceCoverage="0" branchCoverage="0" maxCyclomaticComplexity="1" minCyclomaticComplexity="1" maxCrapScore="2" minCrapScore="2" visitedClasses="0" numClasses="0" visitedMethods="0" numMethods="0" />
              <MetadataToken>100663316</MetadataToken>
              <Name>System.Void ControleCompromissos.Testes.ControladorTestes.ControladorCompromissoTestes::.ctor()</Name>
              <SequencePoints />
              <BranchPoints />
              <MethodPoint vc="0" uspid="94" ordinal="0" offset="0" />
            </Method>
          </Methods>
        </Class>
      </Classes>
    </Module>
    <Module hash="45-9A-E6-D2-4D-AE-82-D5-8F-9E-B1-5E-2A-C7-03-9C-87-69-23-1E">
      <Summary numSequencePoints="95" visitedSequencePoints="79" numBranchPoints="68" visitedBranchPoints="50" sequenceCoverage="83.16" branchCoverage="73.53" maxCyclomaticComplexity="4" minCyclomaticComplexity="1" maxCrapScore="12" minCrapScore="1" visitedClasses="4" numClasses="4" visitedMethods="27" numMethods="34" />
      <ModulePath>C:\Users\Carlos\source\repos\ControleTarefas\ControleTarefas.Testes\bin\Debug\fine-code-coverage\build-output\ControleTarefas.Dominio.dll</ModulePath>
      <ModuleTime>2021-06-28T19:12:44.6202119Z</ModuleTime>
      <ModuleName>ControleTarefas.Dominio</ModuleName>
      <Files>
        <File uid="9" fullPath="C:\Users\Carlos\source\repos\ControleTarefas\ControleTarefas.Dominio\Tarefa.cs" />
        <File uid="10" fullPath="C:\Users\Carlos\source\repos\ControleTarefas\ControleTarefas.Dominio\Compromisso.cs" />
        <File uid="11" fullPath="C:\Users\Carlos\source\repos\ControleTarefas\ControleTarefas.Dominio\Contato.cs" />
        <File uid="12" fullPath="C:\Users\Carlos\source\repos\ControleTarefas\ControleTarefas.Dominio\EntidadeBase.cs" />
      </Files>
      <Classes>
        <Class>
          <Summary numSequencePoints="33" visitedSequencePoints="26" numBranchPoints="28" visitedBranchPoints="19" sequenceCoverage="78.79" branchCoverage="67.86" maxCyclomaticComplexity="4" minCyclomaticComplexity="1" maxCrapScore="12" minCrapScore="1" visitedClasses="1" numClasses="1" visitedMethods="11" numMethods="14" />
          <FullName>BancoDeDados.ConsoleApp.Tarefa</FullName>
          <Methods>
            <Method visited="false" cyclomaticComplexity="1" nPathComplexity="0" sequenceCoverage="0" branchCoverage="0" crapScore="2" isConstructor="false" isStatic="false" isGetter="true" isSetter="false">
              <Summary numSequencePoints="1" visitedSequencePoints="0" numBranchPoints="1" visitedBranchPoints="0" sequenceCoverage="0" branchCoverage="0" maxCyclomaticComplexity="1" minCyclomaticComplexity="1" maxCrapScore="2" minCrapScore="2" visitedClasses="0" numClasses="0" visitedMethods="0" numMethods="1" />
              <MetadataToken>100663298</MetadataToken>
              <Name>System.String BancoDeDados.ConsoleApp.Tarefa::get_titulo()</Name>
              <FileRef uid="9" />
              <SequencePoints>
                <SequencePoint vc="0" uspid="95" ordinal="0" offset="0" sl="21" sc="32" el="21" ec="36" bec="0" bev="0" fileid="9" />
              </SequencePoints>
              <BranchPoints />
              <MethodPoint xsi:type="SequencePoint" vc="0" uspid="95" ordinal="0" offset="0" sl="21" sc="32" el="21" ec="36" bec="0" bev="0" fileid="9" />
            </Method>
            <Method visited="true" cyclomaticComplexity="1" nPathComplexity="0" sequenceCoverage="100" branchCoverage="100" crapScore="1" isConstructor="false" isStatic="false" isGetter="false" isSetter="true">
              <Summary numSequencePoints="1" visitedSequencePoints="1" numBranchPoints="1" visitedBranchPoints="1" sequenceCoverage="100" branchCoverage="100" maxCyclomaticComplexity="1" minCyclomaticComplexity="1" maxCrapScore="1" minCrapScore="1" visitedClasses="0" numClasses="0" visitedMethods="1" numMethods="1" />
              <MetadataToken>100663299</MetadataToken>
              <Name>System.Void BancoDeDados.ConsoleApp.Tarefa::set_titulo(System.String)</Name>
              <FileRef uid="9" />
              <SequencePoints>
                <SequencePoint vc="5" uspid="96" ordinal="0" offset="0" sl="21" sc="37" el="21" ec="41" bec="0" bev="0" fileid="9" />
              </SequencePoints>
              <BranchPoints />
              <MethodPoint xsi:type="SequencePoint" vc="5" uspid="96" ordinal="0" offset="0" sl="21" sc="37" el="21" ec="41" bec="0" bev="0" fileid="9" />
            </Method>
            <Method visited="true" cyclomaticComplexity="1" nPathComplexity="0" sequenceCoverage="100" branchCoverage="100" crapScore="1" isConstructor="false" isStatic="false" isGetter="true" isSetter="false">
              <Summary numSequencePoints="1" visitedSequencePoints="1" numBranchPoints="1" visitedBranchPoints="1" sequenceCoverage="100" branchCoverage="100" maxCyclomaticComplexity="1" minCyclomaticComplexity="1" maxCrapScore="1" minCrapScore="1" visitedClasses="0" numClasses="0" visitedMethods="1" numMethods="1" />
              <MetadataToken>100663300</MetadataToken>
              <Name>System.Int32 BancoDeDados.ConsoleApp.Tarefa::get_prioridade()</Name>
              <FileRef uid="9" />
              <SequencePoints>
                <SequencePoint vc="5" uspid="97" ordinal="0" offset="0" sl="23" sc="33" el="23" ec="37" bec="0" bev="0" fileid="9" />
              </SequencePoints>
              <BranchPoints />
              <MethodPoint xsi:type="SequencePoint" vc="5" uspid="97" ordinal="0" offset="0" sl="23" sc="33" el="23" ec="37" bec="0" bev="0" fileid="9" />
            </Method>
            <Method visited="true" cyclomaticComplexity="1" nPathComplexity="0" sequenceCoverage="100" branchCoverage="100" crapScore="1" isConstructor="false" isStatic="false" isGetter="false" isSetter="true">
              <Summary numSequencePoints="1" visitedSequencePoints="1" numBranchPoints="1" visitedBranchPoints="1" sequenceCoverage="100" branchCoverage="100" maxCyclomaticComplexity="1" minCyclomaticComplexity="1" maxCrapScore="1" minCrapScore="1" visitedClasses="0" numClasses="0" visitedMethods="1" numMethods="1" />
              <MetadataToken>100663301</MetadataToken>
              <Name>System.Void BancoDeDados.ConsoleApp.Tarefa::set_prioridade(System.Int32)</Name>
              <FileRef uid="9" />
              <SequencePoints>
                <SequencePoint vc="5" uspid="98" ordinal="0" offset="0" sl="23" sc="38" el="23" ec="42" bec="0" bev="0" fileid="9" />
              </SequencePoints>
              <BranchPoints />
              <MethodPoint xsi:type="SequencePoint" vc="5" uspid="98" ordinal="0" offset="0" sl="23" sc="38" el="23" ec="42" bec="0" bev="0" fileid="9" />
            </Method>
            <Method visited="false" cyclomaticComplexity="1" nPathComplexity="0" sequenceCoverage="0" branchCoverage="0" crapScore="2" isConstructor="false" isStatic="false" isGetter="true" isSetter="false">
              <Summary numSequencePoints="1" visitedSequencePoints="0" numBranchPoints="1" visitedBranchPoints="0" sequenceCoverage="0" branchCoverage="0" maxCyclomaticComplexity="1" minCyclomaticComplexity="1" maxCrapScore="2" minCrapScore="2" visitedClasses="0" numClasses="0" visitedMethods="0" numMethods="1" />
              <MetadataToken>100663302</MetadataToken>
              <Name>System.DateTime BancoDeDados.ConsoleApp.Tarefa::get_dataCriacao()</Name>
              <FileRef uid="9" />
              <SequencePoints>
                <SequencePoint vc="0" uspid="99" ordinal="0" offset="0" sl="25" sc="39" el="25" ec="43" bec="0" bev="0" fileid="9" />
              </SequencePoints>
              <BranchPoints />
              <MethodPoint xsi:type="SequencePoint" vc="0" uspid="99" ordinal="0" offset="0" sl="25" sc="39" el="25" ec="43" bec="0" bev="0" fileid="9" />
            </Method>
            <Method visited="true" cyclomaticComplexity="1" nPathComplexity="0" sequenceCoverage="100" branchCoverage="100" crapScore="1" isConstructor="false" isStatic="false" isGetter="false" isSetter="true">
              <Summary numSequencePoints="1" visitedSequencePoints="1" numBranchPoints="1" visitedBranchPoints="1" sequenceCoverage="100" branchCoverage="100" maxCyclomaticComplexity="1" minCyclomaticComplexity="1" maxCrapScore="1" minCrapScore="1" visitedClasses="0" numClasses="0" visitedMethods="1" numMethods="1" />
              <MetadataToken>100663303</MetadataToken>
              <Name>System.Void BancoDeDados.ConsoleApp.Tarefa::set_dataCriacao(System.DateTime)</Name>
              <FileRef uid="9" />
              <SequencePoints>
                <SequencePoint vc="5" uspid="100" ordinal="0" offset="0" sl="25" sc="44" el="25" ec="48" bec="0" bev="0" fileid="9" />
              </SequencePoints>
              <BranchPoints />
              <MethodPoint xsi:type="SequencePoint" vc="5" uspid="100" ordinal="0" offset="0" sl="25" sc="44" el="25" ec="48" bec="0" bev="0" fileid="9" />
            </Method>
            <Method visited="true" cyclomaticComplexity="1" nPathComplexity="0" sequenceCoverage="100" branchCoverage="100" crapScore="1" isConstructor="false" isStatic="false" isGetter="true" isSetter="false">
              <Summary numSequencePoints="1" visitedSequencePoints="1" numBranchPoints="1" visitedBranchPoints="1" sequenceCoverage="100" branchCoverage="100" maxCyclomaticComplexity="1" minCyclomaticComplexity="1" maxCrapScore="1" minCrapScore="1" visitedClasses="0" numClasses="0" visitedMethods="1" numMethods="1" />
              <MetadataToken>100663304</MetadataToken>
              <Name>System.DateTime BancoDeDados.ConsoleApp.Tarefa::get_dataConclusao()</Name>
              <FileRef uid="9" />
              <SequencePoints>
                <SequencePoint vc="1" uspid="101" ordinal="0" offset="0" sl="27" sc="41" el="27" ec="45" bec="0" bev="0" fileid="9" />
              </SequencePoints>
              <BranchPoints />
              <MethodPoint xsi:type="SequencePoint" vc="1" uspid="101" ordinal="0" offset="0" sl="27" sc="41" el="27" ec="45" bec="0" bev="0" fileid="9" />
            </Method>
            <Method visited="true" cyclomaticComplexity="1" nPathComplexity="0" sequenceCoverage="100" branchCoverage="100" crapScore="1" isConstructor="false" isStatic="false" isGetter="false" isSetter="true">
              <Summary numSequencePoints="1" visitedSequencePoints="1" numBranchPoints="1" visitedBranchPoints="1" sequenceCoverage="100" branchCoverage="100" maxCyclomaticComplexity="1" minCyclomaticComplexity="1" maxCrapScore="1" minCrapScore="1" visitedClasses="0" numClasses="0" visitedMethods="1" numMethods="1" />
              <MetadataToken>100663305</MetadataToken>
              <Name>System.Void BancoDeDados.ConsoleApp.Tarefa::set_dataConclusao(System.DateTime)</Name>
              <FileRef uid="9" />
              <SequencePoints>
                <SequencePoint vc="5" uspid="102" ordinal="0" offset="0" sl="27" sc="46" el="27" ec="50" bec="0" bev="0" fileid="9" />
              </SequencePoints>
              <BranchPoints />
              <MethodPoint xsi:type="SequencePoint" vc="5" uspid="102" ordinal="0" offset="0" sl="27" sc="46" el="27" ec="50" bec="0" bev="0" fileid="9" />
            </Method>
            <Method visited="true" cyclomaticComplexity="1" nPathComplexity="0" sequenceCoverage="100" branchCoverage="100" crapScore="1" isConstructor="false" isStatic="false" isGetter="true" isSetter="false">
              <Summary numSequencePoints="1" visitedSequencePoints="1" numBranchPoints="1" visitedBranchPoints="1" sequenceCoverage="100" branchCoverage="100" maxCyclomaticComplexity="1" minCyclomaticComplexity="1" maxCrapScore="1" minCrapScore="1" visitedClasses="0" numClasses="0" visitedMethods="1" numMethods="1" />
              <MetadataToken>100663306</MetadataToken>
              <Name>System.Int32 BancoDeDados.ConsoleApp.Tarefa::get_percentualConcluido()</Name>
              <FileRef uid="9" />
              <SequencePoints>
                <SequencePoint vc="4" uspid="103" ordinal="0" offset="0" sl="29" sc="42" el="29" ec="46" bec="0" bev="0" fileid="9" />
              </SequencePoints>
              <BranchPoints />
              <MethodPoint xsi:type="SequencePoint" vc="4" uspid="103" ordinal="0" offset="0" sl="29" sc="42" el="29" ec="46" bec="0" bev="0" fileid="9" />
            </Method>
            <Method visited="true" cyclomaticComplexity="1" nPathComplexity="0" sequenceCoverage="100" branchCoverage="100" crapScore="1" isConstructor="false" isStatic="false" isGetter="false" isSetter="true">
              <Summary numSequencePoints="1" visitedSequencePoints="1" numBranchPoints="1" visitedBranchPoints="1" sequenceCoverage="100" branchCoverage="100" maxCyclomaticComplexity="1" minCyclomaticComplexity="1" maxCrapScore="1" minCrapScore="1" visitedClasses="0" numClasses="0" visitedMethods="1" numMethods="1" />
              <MetadataToken>100663307</MetadataToken>
              <Name>System.Void BancoDeDados.ConsoleApp.Tarefa::set_percentualConcluido(System.Int32)</Name>
              <FileRef uid="9" />
              <SequencePoints>
                <SequencePoint vc="5" uspid="104" ordinal="0" offset="0" sl="29" sc="47" el="29" ec="51" bec="0" bev="0" fileid="9" />
              </SequencePoints>
              <BranchPoints />
              <MethodPoint xsi:type="SequencePoint" vc="5" uspid="104" ordinal="0" offset="0" sl="29" sc="47" el="29" ec="51" bec="0" bev="0" fileid="9" />
            </Method>
            <Method visited="true" cyclomaticComplexity="1" nPathComplexity="0" sequenceCoverage="100" branchCoverage="100" crapScore="1" isConstructor="true" isStatic="false" isGetter="false" isSetter="false">
              <Summary numSequencePoints="8" visitedSequencePoints="8" numBranchPoints="1" visitedBranchPoints="1" sequenceCoverage="100" branchCoverage="100" maxCyclomaticComplexity="1" minCyclomaticComplexity="1" maxCrapScore="1" minCrapScore="1" visitedClasses="0" numClasses="0" visitedMethods="1" numMethods="1" />
              <MetadataToken>100663297</MetadataToken>
              <Name>System.Void BancoDeDados.ConsoleApp.Tarefa::.ctor(System.String,System.Int32,System.DateTime,System.Int32)</Name>
              <FileRef uid="9" />
              <SequencePoints>
                <SequencePoint vc="5" uspid="105" ordinal="0" offset="0" sl="12" sc="9" el="12" ec="100" bec="0" bev="0" fileid="9" />
                <SequencePoint vc="5" uspid="106" ordinal="1" offset="7" sl="13" sc="9" el="13" ec="10" bec="0" bev="0" fileid="9" />
                <SequencePoint vc="5" uspid="107" ordinal="2" offset="8" sl="14" sc="13" el="14" ec="34" bec="0" bev="0" fileid="9" />
                <SequencePoint vc="5" uspid="108" ordinal="3" offset="16" sl="15" sc="13" el="15" ec="42" bec="0" bev="0" fileid="9" />
                <SequencePoint vc="5" uspid="109" ordinal="4" offset="24" sl="16" sc="13" el="16" ec="44" bec="0" bev="0" fileid="9" />
                <SequencePoint vc="5" uspid="110" ordinal="5" offset="32" sl="17" sc="13" el="17" ec="52" bec="0" bev="0" fileid="9" />
                <SequencePoint vc="5" uspid="111" ordinal="6" offset="44" sl="18" sc="13" el="18" ec="60" bec="0" bev="0" fileid="9" />
                <SequencePoint vc="5" uspid="112" ordinal="7" offset="53" sl="19" sc="9" el="19" ec="10" bec="0" bev="0" fileid="9" />
              </SequencePoints>
              <BranchPoints />
              <MethodPoint xsi:type="SequencePoint" vc="5" uspid="105" ordinal="0" offset="0" sl="12" sc="9" el="12" ec="100" bec="0" bev="0" fileid="9" />
            </Method>
            <Method visited="false" cyclomaticComplexity="3" nPathComplexity="4" sequenceCoverage="0" branchCoverage="0" crapScore="12" isConstructor="false" isStatic="false" isGetter="false" isSetter="false">
              <Summary numSequencePoints="5" visitedSequencePoints="0" numBranchPoints="5" visitedBranchPoints="0" sequenceCoverage="0" branchCoverage="0" maxCyclomaticComplexity="3" minCyclomaticComplexity="3" maxCrapScore="12" minCrapScore="12" visitedClasses="0" numClasses="0" visitedMethods="0" numMethods="1" />
              <MetadataToken>100663308</MetadataToken>
              <Name>System.Boolean BancoDeDados.ConsoleApp.Tarefa::Validar()</Name>
              <FileRef uid="9" />
              <SequencePoints>
                <SequencePoint vc="0" uspid="113" ordinal="0" offset="0" sl="32" sc="9" el="32" ec="10" bec="0" bev="0" fileid="9" />
                <SequencePoint vc="0" uspid="114" ordinal="1" offset="1" sl="33" sc="13" el="33" ec="69" bec="4" bev="0" fileid="9" />
                <SequencePoint vc="0" uspid="115" ordinal="2" offset="22" sl="34" sc="17" el="34" ec="29" bec="0" bev="0" fileid="9" />
                <SequencePoint vc="0" uspid="116" ordinal="3" offset="26" sl="35" sc="13" el="35" ec="26" bec="0" bev="0" fileid="9" />
                <SequencePoint vc="0" uspid="117" ordinal="4" offset="30" sl="36" sc="9" el="36" ec="10" bec="0" bev="0" fileid="9" />
              </SequencePoints>
              <BranchPoints>
                <BranchPoint vc="0" uspid="118" ordinal="0" offset="7" sl="33" path="0" offsetend="9" fileid="9" />
                <BranchPoint vc="0" uspid="119" ordinal="1" offset="7" sl="33" path="1" offsetend="17" fileid="9" />
                <BranchPoint vc="0" uspid="120" ordinal="2" offset="20" sl="33" path="0" offsetend="22" fileid="9" />
                <BranchPoint vc="0" uspid="121" ordinal="3" offset="20" sl="33" path="1" offsetend="26" fileid="9" />
              </BranchPoints>
              <MethodPoint xsi:type="SequencePoint" vc="0" uspid="113" ordinal="0" offset="0" sl="32" sc="9" el="32" ec="10" bec="0" bev="0" fileid="9" />
            </Method>
            <Method visited="true" cyclomaticComplexity="4" nPathComplexity="8" sequenceCoverage="100" branchCoverage="85.71" crapScore="4" isConstructor="false" isStatic="false" isGetter="false" isSetter="false">
              <Summary numSequencePoints="5" visitedSequencePoints="5" numBranchPoints="7" visitedBranchPoints="6" sequenceCoverage="100" branchCoverage="85.71" maxCyclomaticComplexity="4" minCyclomaticComplexity="4" maxCrapScore="4" minCrapScore="4" visitedClasses="0" numClasses="0" visitedMethods="1" numMethods="1" />
              <MetadataToken>100663309</MetadataToken>
              <Name>System.Boolean BancoDeDados.ConsoleApp.Tarefa::ValidarPrioridade()</Name>
              <FileRef uid="9" />
              <SequencePoints>
                <SequencePoint vc="2" uspid="122" ordinal="0" offset="0" sl="39" sc="9" el="39" ec="10" bec="0" bev="0" fileid="9" />
                <SequencePoint vc="2" uspid="123" ordinal="1" offset="1" sl="40" sc="13" el="40" ec="71" bec="5" bev="5" fileid="9" />
                <SequencePoint vc="1" uspid="124" ordinal="2" offset="35" sl="41" sc="17" el="41" ec="29" bec="0" bev="0" fileid="9" />
                <SequencePoint vc="1" uspid="125" ordinal="3" offset="39" sl="42" sc="13" el="42" ec="26" bec="0" bev="0" fileid="9" />
                <SequencePoint vc="2" uspid="126" ordinal="4" offset="43" sl="43" sc="9" el="43" ec="10" bec="0" bev="0" fileid="9" />
              </SequencePoints>
              <BranchPoints>
                <BranchPoint vc="2" uspid="127" ordinal="0" offset="8" sl="40" path="0" offsetend="10" fileid="9" />
                <BranchPoint vc="0" uspid="128" ordinal="1" offset="8" sl="40" path="1" offsetend="30" fileid="9" />
                <BranchPoint vc="1" uspid="129" ordinal="2" offset="17" sl="40" path="0" offsetend="19" fileid="9" />
                <BranchPoint vc="1" uspid="130" ordinal="3" offset="17" sl="40" path="1" offsetend="30" fileid="9" />
                <BranchPoint vc="1" uspid="131" ordinal="4" offset="33" sl="40" path="0" offsetend="35" fileid="9" />
                <BranchPoint vc="1" uspid="132" ordinal="5" offset="33" sl="40" path="1" offsetend="39" fileid="9" />
              </BranchPoints>
              <MethodPoint xsi:type="SequencePoint" vc="2" uspid="122" ordinal="0" offset="0" sl="39" sc="9" el="39" ec="10" bec="0" bev="0" fileid="9" />
            </Method>
            <Method visited="true" cyclomaticComplexity="3" nPathComplexity="4" sequenceCoverage="100" branchCoverage="80" crapScore="3" isConstructor="false" isStatic="false" isGetter="false" isSetter="false">
              <Summary numSequencePoints="5" visitedSequencePoints="5" numBranchPoints="5" visitedBranchPoints="4" sequenceCoverage="100" branchCoverage="80" maxCyclomaticComplexity="3" minCyclomaticComplexity="3" maxCrapScore="3" minCrapScore="3" visitedClasses="0" numClasses="0" visitedMethods="1" numMethods="1" />
              <MetadataToken>100663310</MetadataToken>
              <Name>System.Boolean BancoDeDados.ConsoleApp.Tarefa::ValidarPercentualConcluido()</Name>
              <FileRef uid="9" />
              <SequencePoints>
                <SequencePoint vc="2" uspid="133" ordinal="0" offset="0" sl="46" sc="9" el="46" ec="10" bec="0" bev="0" fileid="9" />
                <SequencePoint vc="2" uspid="134" ordinal="1" offset="1" sl="47" sc="13" el="47" ec="71" bec="4" bev="3" fileid="9" />
                <SequencePoint vc="1" uspid="135" ordinal="2" offset="27" sl="48" sc="17" el="48" ec="29" bec="0" bev="0" fileid="9" />
                <SequencePoint vc="1" uspid="136" ordinal="3" offset="31" sl="49" sc="13" el="49" ec="26" bec="0" bev="0" fileid="9" />
                <SequencePoint vc="2" uspid="137" ordinal="4" offset="35" sl="50" sc="9" el="50" ec="10" bec="0" bev="0" fileid="9" />
              </SequencePoints>
              <BranchPoints>
                <BranchPoint vc="2" uspid="138" ordinal="0" offset="8" sl="47" path="0" offsetend="10" fileid="9" />
                <BranchPoint vc="0" uspid="139" ordinal="1" offset="8" sl="47" path="1" offsetend="22" fileid="9" />
                <BranchPoint vc="1" uspid="140" ordinal="2" offset="25" sl="47" path="0" offsetend="27" fileid="9" />
                <BranchPoint vc="1" uspid="141" ordinal="3" offset="25" sl="47" path="1" offsetend="31" fileid="9" />
              </BranchPoints>
              <MethodPoint xsi:type="SequencePoint" vc="2" uspid="133" ordinal="0" offset="0" sl="46" sc="9" el="46" ec="10" bec="0" bev="0" fileid="9" />
            </Method>
          </Methods>
        </Class>
        <Class>
          <Summary numSequencePoints="27" visitedSequencePoints="22" numBranchPoints="12" visitedBranchPoints="7" sequenceCoverage="81.48" branchCoverage="58.33" maxCyclomaticComplexity="3" minCyclomaticComplexity="1" maxCrapScore="12" minCrapScore="1" visitedClasses="1" numClasses="1" visitedMethods="3" numMethods="4" />
          <FullName>BancoDeDados.ConsoleApp.Dominio.Compromisso</FullName>
          <Methods>
            <Method visited="true" cyclomaticComplexity="1" nPathComplexity="0" sequenceCoverage="100" branchCoverage="100" crapScore="1" isConstructor="true" isStatic="false" isGetter="false" isSetter="false">
              <Summary numSequencePoints="12" visitedSequencePoints="12" numBranchPoints="1" visitedBranchPoints="1" sequenceCoverage="100" branchCoverage="100" maxCyclomaticComplexity="1" minCyclomaticComplexity="1" maxCrapScore="1" minCrapScore="1" visitedClasses="0" numClasses="0" visitedMethods="1" numMethods="1" />
              <MetadataToken>100663311</MetadataToken>
              <Name>System.Void BancoDeDados.ConsoleApp.Dominio.Compromisso::.ctor(System.String,System.String,System.DateTime,System.DateTime,System.DateTime,System.String,System.Int32)</Name>
              <FileRef uid="10" />
              <SequencePoints>
                <SequencePoint vc="10" uspid="142" ordinal="0" offset="0" sl="21" sc="9" el="21" ec="33" bec="0" bev="0" fileid="10" />
                <SequencePoint vc="10" uspid="143" ordinal="1" offset="11" sl="23" sc="9" el="23" ec="35" bec="0" bev="0" fileid="10" />
                <SequencePoint vc="10" uspid="144" ordinal="2" offset="18" sl="25" sc="9" el="25" ec="144" bec="0" bev="0" fileid="10" />
                <SequencePoint vc="10" uspid="145" ordinal="3" offset="25" sl="26" sc="9" el="26" ec="10" bec="0" bev="0" fileid="10" />
                <SequencePoint vc="10" uspid="146" ordinal="4" offset="26" sl="27" sc="13" el="27" ec="36" bec="0" bev="0" fileid="10" />
                <SequencePoint vc="10" uspid="147" ordinal="5" offset="33" sl="28" sc="13" el="28" ec="32" bec="0" bev="0" fileid="10" />
                <SequencePoint vc="10" uspid="148" ordinal="6" offset="40" sl="29" sc="13" el="29" ec="30" bec="0" bev="0" fileid="10" />
                <SequencePoint vc="10" uspid="149" ordinal="7" offset="47" sl="30" sc="13" el="30" ec="42" bec="0" bev="0" fileid="10" />
                <SequencePoint vc="10" uspid="150" ordinal="8" offset="55" sl="31" sc="13" el="31" ec="44" bec="0" bev="0" fileid="10" />
                <SequencePoint vc="10" uspid="151" ordinal="9" offset="63" sl="32" sc="13" el="32" ec="30" bec="0" bev="0" fileid="10" />
                <SequencePoint vc="10" uspid="152" ordinal="10" offset="71" sl="33" sc="13" el="33" ec="42" bec="0" bev="0" fileid="10" />
                <SequencePoint vc="10" uspid="153" ordinal="11" offset="79" sl="34" sc="9" el="34" ec="10" bec="0" bev="0" fileid="10" />
              </SequencePoints>
              <BranchPoints />
              <MethodPoint xsi:type="SequencePoint" vc="10" uspid="142" ordinal="0" offset="0" sl="21" sc="9" el="21" ec="33" bec="0" bev="0" fileid="10" />
            </Method>
            <Method visited="false" cyclomaticComplexity="3" nPathComplexity="4" sequenceCoverage="0" branchCoverage="0" crapScore="12" isConstructor="false" isStatic="false" isGetter="false" isSetter="false">
              <Summary numSequencePoints="5" visitedSequencePoints="0" numBranchPoints="5" visitedBranchPoints="0" sequenceCoverage="0" branchCoverage="0" maxCyclomaticComplexity="3" minCyclomaticComplexity="3" maxCrapScore="12" minCrapScore="12" visitedClasses="0" numClasses="0" visitedMethods="0" numMethods="1" />
              <MetadataToken>100663312</MetadataToken>
              <Name>System.Boolean BancoDeDados.ConsoleApp.Dominio.Compromisso::Validar()</Name>
              <FileRef uid="10" />
              <SequencePoints>
                <SequencePoint vc="0" uspid="154" ordinal="0" offset="0" sl="37" sc="9" el="37" ec="10" bec="0" bev="0" fileid="10" />
                <SequencePoint vc="0" uspid="155" ordinal="1" offset="1" sl="38" sc="13" el="38" ec="51" bec="4" bev="0" fileid="10" />
                <SequencePoint vc="0" uspid="156" ordinal="2" offset="22" sl="39" sc="17" el="39" ec="29" bec="0" bev="0" fileid="10" />
                <SequencePoint vc="0" uspid="157" ordinal="3" offset="26" sl="40" sc="13" el="40" ec="26" bec="0" bev="0" fileid="10" />
                <SequencePoint vc="0" uspid="158" ordinal="4" offset="30" sl="41" sc="9" el="41" ec="10" bec="0" bev="0" fileid="10" />
              </SequencePoints>
              <BranchPoints>
                <BranchPoint vc="0" uspid="159" ordinal="0" offset="7" sl="38" path="0" offsetend="9" fileid="10" />
                <BranchPoint vc="0" uspid="160" ordinal="1" offset="7" sl="38" path="1" offsetend="17" fileid="10" />
                <BranchPoint vc="0" uspid="161" ordinal="2" offset="20" sl="38" path="0" offsetend="22" fileid="10" />
                <BranchPoint vc="0" uspid="162" ordinal="3" offset="20" sl="38" path="1" offsetend="26" fileid="10" />
              </BranchPoints>
              <MethodPoint xsi:type="SequencePoint" vc="0" uspid="154" ordinal="0" offset="0" sl="37" sc="9" el="37" ec="10" bec="0" bev="0" fileid="10" />
            </Method>
            <Method visited="true" cyclomaticComplexity="2" nPathComplexity="2" sequenceCoverage="100" branchCoverage="100" crapScore="2" isConstructor="false" isStatic="false" isGetter="false" isSetter="false">
              <Summary numSequencePoints="5" visitedSequencePoints="5" numBranchPoints="3" visitedBranchPoints="3" sequenceCoverage="100" branchCoverage="100" maxCyclomaticComplexity="2" minCyclomaticComplexity="2" maxCrapScore="2" minCrapScore="2" visitedClasses="0" numClasses="0" visitedMethods="1" numMethods="1" />
              <MetadataToken>100663313</MetadataToken>
              <Name>System.Boolean BancoDeDados.ConsoleApp.Dominio.Compromisso::ValidarData()</Name>
              <FileRef uid="10" />
              <SequencePoints>
                <SequencePoint vc="2" uspid="163" ordinal="0" offset="0" sl="44" sc="9" el="44" ec="10" bec="0" bev="0" fileid="10" />
                <SequencePoint vc="2" uspid="164" ordinal="1" offset="1" sl="45" sc="13" el="45" ec="51" bec="2" bev="2" fileid="10" />
                <SequencePoint vc="1" uspid="165" ordinal="2" offset="27" sl="46" sc="17" el="46" ec="30" bec="0" bev="0" fileid="10" />
                <SequencePoint vc="1" uspid="166" ordinal="3" offset="31" sl="47" sc="13" el="47" ec="25" bec="0" bev="0" fileid="10" />
                <SequencePoint vc="2" uspid="167" ordinal="4" offset="35" sl="48" sc="9" el="48" ec="10" bec="0" bev="0" fileid="10" />
              </SequencePoints>
              <BranchPoints>
                <BranchPoint vc="1" uspid="168" ordinal="0" offset="25" sl="45" path="0" offsetend="27" fileid="10" />
                <BranchPoint vc="1" uspid="169" ordinal="1" offset="25" sl="45" path="1" offsetend="31" fileid="10" />
              </BranchPoints>
              <MethodPoint xsi:type="SequencePoint" vc="2" uspid="163" ordinal="0" offset="0" sl="44" sc="9" el="44" ec="10" bec="0" bev="0" fileid="10" />
            </Method>
            <Method visited="true" cyclomaticComplexity="2" nPathComplexity="2" sequenceCoverage="100" branchCoverage="100" crapScore="2" isConstructor="false" isStatic="false" isGetter="false" isSetter="false">
              <Summary numSequencePoints="5" visitedSequencePoints="5" numBranchPoints="3" visitedBranchPoints="3" sequenceCoverage="100" branchCoverage="100" maxCyclomaticComplexity="2" minCyclomaticComplexity="2" maxCrapScore="2" minCrapScore="2" visitedClasses="0" numClasses="0" visitedMethods="1" numMethods="1" />
              <MetadataToken>100663314</MetadataToken>
              <Name>System.Boolean BancoDeDados.ConsoleApp.Dominio.Compromisso::ValidarHorario()</Name>
              <FileRef uid="10" />
              <SequencePoints>
                <SequencePoint vc="2" uspid="170" ordinal="0" offset="0" sl="51" sc="9" el="51" ec="10" bec="0" bev="0" fileid="10" />
                <SequencePoint vc="2" uspid="171" ordinal="1" offset="1" sl="52" sc="13" el="52" ec="76" bec="2" bev="2" fileid="10" />
                <SequencePoint vc="1" uspid="172" ordinal="2" offset="41" sl="53" sc="17" el="53" ec="30" bec="0" bev="0" fileid="10" />
                <SequencePoint vc="1" uspid="173" ordinal="3" offset="45" sl="54" sc="13" el="54" ec="25" bec="0" bev="0" fileid="10" />
                <SequencePoint vc="2" uspid="174" ordinal="4" offset="49" sl="55" sc="9" el="55" ec="10" bec="0" bev="0" fileid="10" />
              </SequencePoints>
              <BranchPoints>
                <BranchPoint vc="1" uspid="175" ordinal="0" offset="39" sl="52" path="0" offsetend="41" fileid="10" />
                <BranchPoint vc="1" uspid="176" ordinal="1" offset="39" sl="52" path="1" offsetend="45" fileid="10" />
              </BranchPoints>
              <MethodPoint xsi:type="SequencePoint" vc="2" uspid="170" ordinal="0" offset="0" sl="51" sc="9" el="51" ec="10" bec="0" bev="0" fileid="10" />
            </Method>
          </Methods>
        </Class>
        <Class>
          <Summary numSequencePoints="33" visitedSequencePoints="29" numBranchPoints="26" visitedBranchPoints="22" sequenceCoverage="87.88" branchCoverage="84.62" maxCyclomaticComplexity="3" minCyclomaticComplexity="1" maxCrapScore="3.07" minCrapScore="1" visitedClasses="1" numClasses="1" visitedMethods="11" numMethods="14" />
          <FullName>BancoDeDados.ConsoleApp.Dominio.Contato</FullName>
          <Methods>
            <Method visited="false" cyclomaticComplexity="1" nPathComplexity="0" sequenceCoverage="0" branchCoverage="0" crapScore="2" isConstructor="false" isStatic="false" isGetter="true" isSetter="false">
              <Summary numSequencePoints="1" visitedSequencePoints="0" numBranchPoints="1" visitedBranchPoints="0" sequenceCoverage="0" branchCoverage="0" maxCyclomaticComplexity="1" minCyclomaticComplexity="1" maxCrapScore="2" minCrapScore="2" visitedClasses="0" numClasses="0" visitedMethods="0" numMethods="1" />
              <MetadataToken>100663316</MetadataToken>
              <Name>System.String BancoDeDados.ConsoleApp.Dominio.Contato::get_nome()</Name>
              <FileRef uid="11" />
              <SequencePoints>
                <SequencePoint vc="0" uspid="177" ordinal="0" offset="0" sl="21" sc="30" el="21" ec="34" bec="0" bev="0" fileid="11" />
              </SequencePoints>
              <BranchPoints />
              <MethodPoint xsi:type="SequencePoint" vc="0" uspid="177" ordinal="0" offset="0" sl="21" sc="30" el="21" ec="34" bec="0" bev="0" fileid="11" />
            </Method>
            <Method visited="true" cyclomaticComplexity="1" nPathComplexity="0" sequenceCoverage="100" branchCoverage="100" crapScore="1" isConstructor="false" isStatic="false" isGetter="false" isSetter="true">
              <Summary numSequencePoints="1" visitedSequencePoints="1" numBranchPoints="1" visitedBranchPoints="1" sequenceCoverage="100" branchCoverage="100" maxCyclomaticComplexity="1" minCyclomaticComplexity="1" maxCrapScore="1" minCrapScore="1" visitedClasses="0" numClasses="0" visitedMethods="1" numMethods="1" />
              <MetadataToken>100663317</MetadataToken>
              <Name>System.Void BancoDeDados.ConsoleApp.Dominio.Contato::set_nome(System.String)</Name>
              <FileRef uid="11" />
              <SequencePoints>
                <SequencePoint vc="4" uspid="178" ordinal="0" offset="0" sl="21" sc="35" el="21" ec="39" bec="0" bev="0" fileid="11" />
              </SequencePoints>
              <BranchPoints />
              <MethodPoint xsi:type="SequencePoint" vc="4" uspid="178" ordinal="0" offset="0" sl="21" sc="35" el="21" ec="39" bec="0" bev="0" fileid="11" />
            </Method>
            <Method visited="true" cyclomaticComplexity="1" nPathComplexity="0" sequenceCoverage="100" branchCoverage="100" crapScore="1" isConstructor="false" isStatic="false" isGetter="true" isSetter="false">
              <Summary numSequencePoints="1" visitedSequencePoints="1" numBranchPoints="1" visitedBranchPoints="1" sequenceCoverage="100" branchCoverage="100" maxCyclomaticComplexity="1" minCyclomaticComplexity="1" maxCrapScore="1" minCrapScore="1" visitedClasses="0" numClasses="0" visitedMethods="1" numMethods="1" />
              <MetadataToken>100663318</MetadataToken>
              <Name>System.String BancoDeDados.ConsoleApp.Dominio.Contato::get_email()</Name>
              <FileRef uid="11" />
              <SequencePoints>
                <SequencePoint vc="8" uspid="179" ordinal="0" offset="0" sl="23" sc="31" el="23" ec="35" bec="0" bev="0" fileid="11" />
              </SequencePoints>
              <BranchPoints />
              <MethodPoint xsi:type="SequencePoint" vc="8" uspid="179" ordinal="0" offset="0" sl="23" sc="31" el="23" ec="35" bec="0" bev="0" fileid="11" />
            </Method>
            <Method visited="true" cyclomaticComplexity="1" nPathComplexity="0" sequenceCoverage="100" branchCoverage="100" crapScore="1" isConstructor="false" isStatic="false" isGetter="false" isSetter="true">
              <Summary numSequencePoints="1" visitedSequencePoints="1" numBranchPoints="1" visitedBranchPoints="1" sequenceCoverage="100" branchCoverage="100" maxCyclomaticComplexity="1" minCyclomaticComplexity="1" maxCrapScore="1" minCrapScore="1" visitedClasses="0" numClasses="0" visitedMethods="1" numMethods="1" />
              <MetadataToken>100663319</MetadataToken>
              <Name>System.Void BancoDeDados.ConsoleApp.Dominio.Contato::set_email(System.String)</Name>
              <FileRef uid="11" />
              <SequencePoints>
                <SequencePoint vc="4" uspid="180" ordinal="0" offset="0" sl="23" sc="36" el="23" ec="40" bec="0" bev="0" fileid="11" />
              </SequencePoints>
              <BranchPoints />
              <MethodPoint xsi:type="SequencePoint" vc="4" uspid="180" ordinal="0" offset="0" sl="23" sc="36" el="23" ec="40" bec="0" bev="0" fileid="11" />
            </Method>
            <Method visited="true" cyclomaticComplexity="1" nPathComplexity="0" sequenceCoverage="100" branchCoverage="100" crapScore="1" isConstructor="false" isStatic="false" isGetter="true" isSetter="false">
              <Summary numSequencePoints="1" visitedSequencePoints="1" numBranchPoints="1" visitedBranchPoints="1" sequenceCoverage="100" branchCoverage="100" maxCyclomaticComplexity="1" minCyclomaticComplexity="1" maxCrapScore="1" minCrapScore="1" visitedClasses="0" numClasses="0" visitedMethods="1" numMethods="1" />
              <MetadataToken>100663320</MetadataToken>
              <Name>System.Int64 BancoDeDados.ConsoleApp.Dominio.Contato::get_telefone()</Name>
              <FileRef uid="11" />
              <SequencePoints>
                <SequencePoint vc="4" uspid="181" ordinal="0" offset="0" sl="25" sc="32" el="25" ec="36" bec="0" bev="0" fileid="11" />
              </SequencePoints>
              <BranchPoints />
              <MethodPoint xsi:type="SequencePoint" vc="4" uspid="181" ordinal="0" offset="0" sl="25" sc="32" el="25" ec="36" bec="0" bev="0" fileid="11" />
            </Method>
            <Method visited="true" cyclomaticComplexity="1" nPathComplexity="0" sequenceCoverage="100" branchCoverage="100" crapScore="1" isConstructor="false" isStatic="false" isGetter="false" isSetter="true">
              <Summary numSequencePoints="1" visitedSequencePoints="1" numBranchPoints="1" visitedBranchPoints="1" sequenceCoverage="100" branchCoverage="100" maxCyclomaticComplexity="1" minCyclomaticComplexity="1" maxCrapScore="1" minCrapScore="1" visitedClasses="0" numClasses="0" visitedMethods="1" numMethods="1" />
              <MetadataToken>100663321</MetadataToken>
              <Name>System.Void BancoDeDados.ConsoleApp.Dominio.Contato::set_telefone(System.Int64)</Name>
              <FileRef uid="11" />
              <SequencePoints>
                <SequencePoint vc="4" uspid="182" ordinal="0" offset="0" sl="25" sc="37" el="25" ec="41" bec="0" bev="0" fileid="11" />
              </SequencePoints>
              <BranchPoints />
              <MethodPoint xsi:type="SequencePoint" vc="4" uspid="182" ordinal="0" offset="0" sl="25" sc="37" el="25" ec="41" bec="0" bev="0" fileid="11" />
            </Method>
            <Method visited="false" cyclomaticComplexity="1" nPathComplexity="0" sequenceCoverage="0" branchCoverage="0" crapScore="2" isConstructor="false" isStatic="false" isGetter="true" isSetter="false">
              <Summary numSequencePoints="1" visitedSequencePoints="0" numBranchPoints="1" visitedBranchPoints="0" sequenceCoverage="0" branchCoverage="0" maxCyclomaticComplexity="1" minCyclomaticComplexity="1" maxCrapScore="2" minCrapScore="2" visitedClasses="0" numClasses="0" visitedMethods="0" numMethods="1" />
              <MetadataToken>100663322</MetadataToken>
              <Name>System.String BancoDeDados.ConsoleApp.Dominio.Contato::get_empresa()</Name>
              <FileRef uid="11" />
              <SequencePoints>
                <SequencePoint vc="0" uspid="183" ordinal="0" offset="0" sl="27" sc="33" el="27" ec="37" bec="0" bev="0" fileid="11" />
              </SequencePoints>
              <BranchPoints />
              <MethodPoint xsi:type="SequencePoint" vc="0" uspid="183" ordinal="0" offset="0" sl="27" sc="33" el="27" ec="37" bec="0" bev="0" fileid="11" />
            </Method>
            <Method visited="true" cyclomaticComplexity="1" nPathComplexity="0" sequenceCoverage="100" branchCoverage="100" crapScore="1" isConstructor="false" isStatic="false" isGetter="false" isSetter="true">
              <Summary numSequencePoints="1" visitedSequencePoints="1" numBranchPoints="1" visitedBranchPoints="1" sequenceCoverage="100" branchCoverage="100" maxCyclomaticComplexity="1" minCyclomaticComplexity="1" maxCrapScore="1" minCrapScore="1" visitedClasses="0" numClasses="0" visitedMethods="1" numMethods="1" />
              <MetadataToken>100663323</MetadataToken>
              <Name>System.Void BancoDeDados.ConsoleApp.Dominio.Contato::set_empresa(System.String)</Name>
              <FileRef uid="11" />
              <SequencePoints>
                <SequencePoint vc="4" uspid="184" ordinal="0" offset="0" sl="27" sc="38" el="27" ec="42" bec="0" bev="0" fileid="11" />
              </SequencePoints>
              <BranchPoints />
              <MethodPoint xsi:type="SequencePoint" vc="4" uspid="184" ordinal="0" offset="0" sl="27" sc="38" el="27" ec="42" bec="0" bev="0" fileid="11" />
            </Method>
            <Method visited="false" cyclomaticComplexity="1" nPathComplexity="0" sequenceCoverage="0" branchCoverage="0" crapScore="2" isConstructor="false" isStatic="false" isGetter="true" isSetter="false">
              <Summary numSequencePoints="1" visitedSequencePoints="0" numBranchPoints="1" visitedBranchPoints="0" sequenceCoverage="0" branchCoverage="0" maxCyclomaticComplexity="1" minCyclomaticComplexity="1" maxCrapScore="2" minCrapScore="2" visitedClasses="0" numClasses="0" visitedMethods="0" numMethods="1" />
              <MetadataToken>100663324</MetadataToken>
              <Name>System.String BancoDeDados.ConsoleApp.Dominio.Contato::get_cargo()</Name>
              <FileRef uid="11" />
              <SequencePoints>
                <SequencePoint vc="0" uspid="185" ordinal="0" offset="0" sl="29" sc="31" el="29" ec="35" bec="0" bev="0" fileid="11" />
              </SequencePoints>
              <BranchPoints />
              <MethodPoint xsi:type="SequencePoint" vc="0" uspid="185" ordinal="0" offset="0" sl="29" sc="31" el="29" ec="35" bec="0" bev="0" fileid="11" />
            </Method>
            <Method visited="true" cyclomaticComplexity="1" nPathComplexity="0" sequenceCoverage="100" branchCoverage="100" crapScore="1" isConstructor="false" isStatic="false" isGetter="false" isSetter="true">
              <Summary numSequencePoints="1" visitedSequencePoints="1" numBranchPoints="1" visitedBranchPoints="1" sequenceCoverage="100" branchCoverage="100" maxCyclomaticComplexity="1" minCyclomaticComplexity="1" maxCrapScore="1" minCrapScore="1" visitedClasses="0" numClasses="0" visitedMethods="1" numMethods="1" />
              <MetadataToken>100663325</MetadataToken>
              <Name>System.Void BancoDeDados.ConsoleApp.Dominio.Contato::set_cargo(System.String)</Name>
              <FileRef uid="11" />
              <SequencePoints>
                <SequencePoint vc="4" uspid="186" ordinal="0" offset="0" sl="29" sc="36" el="29" ec="40" bec="0" bev="0" fileid="11" />
              </SequencePoints>
              <BranchPoints />
              <MethodPoint xsi:type="SequencePoint" vc="4" uspid="186" ordinal="0" offset="0" sl="29" sc="36" el="29" ec="40" bec="0" bev="0" fileid="11" />
            </Method>
            <Method visited="true" cyclomaticComplexity="1" nPathComplexity="0" sequenceCoverage="100" branchCoverage="100" crapScore="1" isConstructor="true" isStatic="false" isGetter="false" isSetter="false">
              <Summary numSequencePoints="8" visitedSequencePoints="8" numBranchPoints="1" visitedBranchPoints="1" sequenceCoverage="100" branchCoverage="100" maxCyclomaticComplexity="1" minCyclomaticComplexity="1" maxCrapScore="1" minCrapScore="1" visitedClasses="0" numClasses="0" visitedMethods="1" numMethods="1" />
              <MetadataToken>100663315</MetadataToken>
              <Name>System.Void BancoDeDados.ConsoleApp.Dominio.Contato::.ctor(System.String,System.String,System.Int64,System.String,System.String)</Name>
              <FileRef uid="11" />
              <SequencePoints>
                <SequencePoint vc="4" uspid="187" ordinal="0" offset="0" sl="11" sc="9" el="11" ec="95" bec="0" bev="0" fileid="11" />
                <SequencePoint vc="4" uspid="188" ordinal="1" offset="7" sl="12" sc="9" el="12" ec="10" bec="0" bev="0" fileid="11" />
                <SequencePoint vc="4" uspid="189" ordinal="2" offset="8" sl="13" sc="13" el="13" ec="30" bec="0" bev="0" fileid="11" />
                <SequencePoint vc="4" uspid="190" ordinal="3" offset="16" sl="14" sc="13" el="14" ec="32" bec="0" bev="0" fileid="11" />
                <SequencePoint vc="4" uspid="191" ordinal="4" offset="24" sl="15" sc="13" el="15" ec="38" bec="0" bev="0" fileid="11" />
                <SequencePoint vc="4" uspid="192" ordinal="5" offset="32" sl="16" sc="13" el="16" ec="36" bec="0" bev="0" fileid="11" />
                <SequencePoint vc="4" uspid="193" ordinal="6" offset="41" sl="17" sc="13" el="17" ec="32" bec="0" bev="0" fileid="11" />
                <SequencePoint vc="4" uspid="194" ordinal="7" offset="50" sl="19" sc="9" el="19" ec="10" bec="0" bev="0" fileid="11" />
[...]
                <SequencePoint vc="0" uspid="513" ordinal="3" offset="19" sl="72" sc="13" el="72" ec="36" bec="0" bev="0" fileid="19" />
                <SequencePoint vc="0" uspid="514" ordinal="4" offset="26" sl="74" sc="13" el="74" ec="58" bec="0" bev="0" fileid="19" />
                <SequencePoint vc="0" uspid="515" ordinal="5" offset="32" sl="75" sc="13" el="75" ec="57" bec="0" bev="0" fileid="19" />
                <SequencePoint vc="0" uspid="516" ordinal="6" offset="40" sl="77" sc="13" el="77" ec="61" bec="0" bev="0" fileid="19" />
                <SequencePoint vc="0" uspid="517" ordinal="7" offset="52" sl="79" sc="13" el="79" ec="75" bec="0" bev="0" fileid="19" />
                <SequencePoint vc="0" uspid="518" ordinal="8" offset="59" sl="81" sc="13" el="81" ec="58" bec="0" bev="0" fileid="19" />
                <SequencePoint vc="0" uspid="519" ordinal="9" offset="70" sl="84" sc="13" el="84" ec="14" bec="0" bev="0" fileid="19" />
                <SequencePoint vc="0" uspid="520" ordinal="10" offset="71" sl="85" sc="17" el="85" ec="64" bec="0" bev="0" fileid="19" />
                <SequencePoint vc="0" uspid="521" ordinal="11" offset="89" sl="86" sc="17" el="86" ec="72" bec="0" bev="0" fileid="19" />
                <SequencePoint vc="0" uspid="522" ordinal="12" offset="107" sl="87" sc="17" el="87" ec="74" bec="0" bev="0" fileid="19" />
                <SequencePoint vc="0" uspid="523" ordinal="13" offset="125" sl="88" sc="17" el="88" ec="76" bec="0" bev="0" fileid="19" />
                <SequencePoint vc="0" uspid="524" ordinal="14" offset="143" sl="89" sc="17" el="89" ec="78" bec="0" bev="0" fileid="19" />
                <SequencePoint vc="0" uspid="525" ordinal="15" offset="161" sl="90" sc="17" el="90" ec="74" bec="0" bev="0" fileid="19" />
                <SequencePoint vc="0" uspid="526" ordinal="16" offset="179" sl="92" sc="17" el="92" ec="81" bec="0" bev="0" fileid="19" />
                <SequencePoint vc="0" uspid="527" ordinal="17" offset="197" sl="93" sc="17" el="93" ec="28" bec="0" bev="0" fileid="19" />
                <SequencePoint vc="0" uspid="528" ordinal="18" offset="207" sl="95" sc="17" el="95" ec="34" bec="0" bev="0" fileid="19" />
                <SequencePoint vc="0" uspid="529" ordinal="19" offset="216" sl="96" sc="13" el="96" ec="14" bec="0" bev="0" fileid="19" />
                <SequencePoint vc="0" uspid="530" ordinal="20" offset="217" sl="83" sc="13" el="83" ec="42" bec="2" bev="0" fileid="19" />
                <SequencePoint vc="0" uspid="531" ordinal="21" offset="232" sl="98" sc="13" el="98" ec="37" bec="0" bev="0" fileid="19" />
                <SequencePoint vc="0" uspid="532" ordinal="22" offset="239" sl="100" sc="13" el="100" ec="29" bec="0" bev="0" fileid="19" />
                <SequencePoint vc="0" uspid="533" ordinal="23" offset="244" sl="101" sc="9" el="101" ec="10" bec="0" bev="0" fileid="19" />
              </SequencePoints>
              <BranchPoints>
                <BranchPoint vc="0" uspid="534" ordinal="0" offset="227" sl="83" path="0" offsetend="232" fileid="19" />
                <BranchPoint vc="0" uspid="535" ordinal="1" offset="227" sl="83" path="1" offsetend="70" fileid="19" />
              </BranchPoints>
              <MethodPoint xsi:type="SequencePoint" vc="0" uspid="510" ordinal="0" offset="0" sl="69" sc="9" el="69" ec="10" bec="0" bev="0" fileid="19" />
            </Method>
            <Method visited="false" cyclomaticComplexity="1" nPathComplexity="0" sequenceCoverage="0" branchCoverage="0" crapScore="2" isConstructor="false" isStatic="false" isGetter="false" isSetter="false">
              <Summary numSequencePoints="21" visitedSequencePoints="0" numBranchPoints="1" visitedBranchPoints="0" sequenceCoverage="0" branchCoverage="0" maxCyclomaticComplexity="1" minCyclomaticComplexity="1" maxCrapScore="2" minCrapScore="2" visitedClasses="0" numClasses="0" visitedMethods="0" numMethods="1" />
              <MetadataToken>100663316</MetadataToken>
              <Name>System.Boolean BancoDeDados.ConsoleApp.Controladores.ControladorContato::InserirNovo(BancoDeDados.ConsoleApp.Dominio.Contato)</Name>
              <FileRef uid="19" />
              <SequencePoints>
                <SequencePoint vc="0" uspid="536" ordinal="0" offset="0" sl="104" sc="9" el="104" ec="10" bec="0" bev="0" fileid="19" />
                <SequencePoint vc="0" uspid="537" ordinal="1" offset="1" sl="105" sc="13" el="105" ec="65" bec="0" bev="0" fileid="19" />
                <SequencePoint vc="0" uspid="538" ordinal="2" offset="7" sl="106" sc="13" el="106" ec="67" bec="0" bev="0" fileid="19" />
                <SequencePoint vc="0" uspid="539" ordinal="3" offset="19" sl="107" sc="13" el="107" ec="36" bec="0" bev="0" fileid="19" />
                <SequencePoint vc="0" uspid="540" ordinal="4" offset="26" sl="109" sc="13" el="109" ec="59" bec="0" bev="0" fileid="19" />
                <SequencePoint vc="0" uspid="541" ordinal="5" offset="32" sl="110" sc="13" el="110" ec="58" bec="0" bev="0" fileid="19" />
                <SequencePoint vc="0" uspid="542" ordinal="6" offset="40" sl="112" sc="13" el="112" ec="54" bec="0" bev="0" fileid="19" />
                <SequencePoint vc="0" uspid="543" ordinal="7" offset="52" sl="114" sc="13" el="114" ec="14" bec="0" bev="0" fileid="19" />
                <SequencePoint vc="0" uspid="544" ordinal="8" offset="53" sl="115" sc="17" el="115" ec="79" bec="0" bev="0" fileid="19" />
                <SequencePoint vc="0" uspid="545" ordinal="9" offset="76" sl="116" sc="17" el="116" ec="81" bec="0" bev="0" fileid="19" />
                <SequencePoint vc="0" uspid="546" ordinal="10" offset="99" sl="117" sc="17" el="117" ec="87" bec="0" bev="0" fileid="19" />
                <SequencePoint vc="0" uspid="547" ordinal="11" offset="127" sl="118" sc="17" el="118" ec="85" bec="0" bev="0" fileid="19" />
                <SequencePoint vc="0" uspid="548" ordinal="12" offset="150" sl="119" sc="17" el="119" ec="81" bec="0" bev="0" fileid="19" />
                <SequencePoint vc="0" uspid="549" ordinal="13" offset="173" sl="121" sc="17" el="121" ec="61" bec="0" bev="0" fileid="19" />
                <SequencePoint vc="0" uspid="550" ordinal="14" offset="180" sl="123" sc="17" el="123" ec="50" bec="0" bev="0" fileid="19" />
                <SequencePoint vc="0" uspid="551" ordinal="15" offset="193" sl="125" sc="17" el="125" ec="41" bec="0" bev="0" fileid="19" />
                <SequencePoint vc="0" uspid="552" ordinal="16" offset="200" sl="126" sc="17" el="126" ec="29" bec="0" bev="0" fileid="19" />
                <SequencePoint vc="0" uspid="553" ordinal="17" offset="204" sl="128" sc="13" el="128" ec="18" bec="0" bev="0" fileid="19" />
                <SequencePoint vc="0" uspid="554" ordinal="18" offset="205" sl="129" sc="13" el="129" ec="14" bec="0" bev="0" fileid="19" />
                <SequencePoint vc="0" uspid="555" ordinal="19" offset="206" sl="130" sc="17" el="130" ec="30" bec="0" bev="0" fileid="19" />
                <SequencePoint vc="0" uspid="556" ordinal="20" offset="210" sl="132" sc="9" el="132" ec="10" bec="0" bev="0" fileid="19" />
              </SequencePoints>
              <BranchPoints />
              <MethodPoint xsi:type="SequencePoint" vc="0" uspid="536" ordinal="0" offset="0" sl="104" sc="9" el="104" ec="10" bec="0" bev="0" fileid="19" />
            </Method>
            <Method visited="false" cyclomaticComplexity="2" nPathComplexity="2" sequenceCoverage="0" branchCoverage="0" crapScore="6" isConstructor="false" isStatic="false" isGetter="false" isSetter="false">
              <Summary numSequencePoints="22" visitedSequencePoints="0" numBranchPoints="3" visitedBranchPoints="0" sequenceCoverage="0" branchCoverage="0" maxCyclomaticComplexity="2" minCyclomaticComplexity="2" maxCrapScore="6" minCrapScore="6" visitedClasses="0" numClasses="0" visitedMethods="0" numMethods="1" />
              <MetadataToken>100663317</MetadataToken>
              <Name>BancoDeDados.ConsoleApp.Dominio.Contato BancoDeDados.ConsoleApp.Controladores.ControladorContato::SelecionarRegistroPorId(System.Int32)</Name>
              <FileRef uid="19" />
              <SequencePoints>
                <SequencePoint vc="0" uspid="557" ordinal="0" offset="0" sl="135" sc="9" el="135" ec="10" bec="0" bev="0" fileid="19" />
                <SequencePoint vc="0" uspid="558" ordinal="1" offset="1" sl="136" sc="13" el="136" ec="65" bec="0" bev="0" fileid="19" />
                <SequencePoint vc="0" uspid="559" ordinal="2" offset="7" sl="137" sc="13" el="137" ec="67" bec="0" bev="0" fileid="19" />
                <SequencePoint vc="0" uspid="560" ordinal="3" offset="19" sl="138" sc="13" el="138" ec="36" bec="0" bev="0" fileid="19" />
                <SequencePoint vc="0" uspid="561" ordinal="4" offset="26" sl="140" sc="13" el="140" ec="58" bec="0" bev="0" fileid="19" />
                <SequencePoint vc="0" uspid="562" ordinal="5" offset="32" sl="141" sc="13" el="141" ec="57" bec="0" bev="0" fileid="19" />
                <SequencePoint vc="0" uspid="563" ordinal="6" offset="40" sl="143" sc="13" el="143" ec="61" bec="0" bev="0" fileid="19" />
                <SequencePoint vc="0" uspid="564" ordinal="7" offset="52" sl="144" sc="13" el="144" ec="72" bec="0" bev="0" fileid="19" />
                <SequencePoint vc="0" uspid="565" ordinal="8" offset="75" sl="146" sc="13" el="146" ec="75" bec="0" bev="0" fileid="19" />
                <SequencePoint vc="0" uspid="566" ordinal="9" offset="82" sl="148" sc="13" el="148" ec="48" bec="2" bev="0" fileid="19" />
                <SequencePoint vc="0" uspid="567" ordinal="10" offset="97" sl="149" sc="17" el="149" ec="29" bec="0" bev="0" fileid="19" />
                <SequencePoint vc="0" uspid="568" ordinal="11" offset="105" sl="151" sc="13" el="151" ec="60" bec="0" bev="0" fileid="19" />
                <SequencePoint vc="0" uspid="569" ordinal="12" offset="122" sl="152" sc="13" el="152" ec="68" bec="0" bev="0" fileid="19" />
                <SequencePoint vc="0" uspid="570" ordinal="13" offset="140" sl="153" sc="13" el="153" ec="70" bec="0" bev="0" fileid="19" />
                <SequencePoint vc="0" uspid="571" ordinal="14" offset="158" sl="154" sc="13" el="154" ec="72" bec="0" bev="0" fileid="19" />
                <SequencePoint vc="0" uspid="572" ordinal="15" offset="176" sl="155" sc="13" el="155" ec="74" bec="0" bev="0" fileid="19" />
                <SequencePoint vc="0" uspid="573" ordinal="16" offset="194" sl="156" sc="13" el="156" ec="70" bec="0" bev="0" fileid="19" />
                <SequencePoint vc="0" uspid="574" ordinal="17" offset="212" sl="158" sc="13" el="158" ec="77" bec="0" bev="0" fileid="19" />
                <SequencePoint vc="0" uspid="575" ordinal="18" offset="230" sl="159" sc="13" el="159" ec="24" bec="0" bev="0" fileid="19" />
                <SequencePoint vc="0" uspid="576" ordinal="19" offset="239" sl="161" sc="13" el="161" ec="37" bec="0" bev="0" fileid="19" />
                <SequencePoint vc="0" uspid="577" ordinal="20" offset="246" sl="163" sc="13" el="163" ec="23" bec="0" bev="0" fileid="19" />
                <SequencePoint vc="0" uspid="578" ordinal="21" offset="252" sl="164" sc="9" el="164" ec="10" bec="0" bev="0" fileid="19" />
              </SequencePoints>
              <BranchPoints>
                <BranchPoint vc="0" uspid="579" ordinal="0" offset="95" sl="148" path="0" offsetend="97" fileid="19" />
                <BranchPoint vc="0" uspid="580" ordinal="1" offset="95" sl="148" path="1" offsetend="105" fileid="19" />
              </BranchPoints>
              <MethodPoint xsi:type="SequencePoint" vc="0" uspid="557" ordinal="0" offset="0" sl="135" sc="9" el="135" ec="10" bec="0" bev="0" fileid="19" />
            </Method>
            <Method visited="false" cyclomaticComplexity="2" nPathComplexity="2" sequenceCoverage="0" branchCoverage="0" crapScore="6" isConstructor="false" isStatic="false" isGetter="false" isSetter="false">
              <Summary numSequencePoints="19" visitedSequencePoints="0" numBranchPoints="3" visitedBranchPoints="0" sequenceCoverage="0" branchCoverage="0" maxCyclomaticComplexity="2" minCyclomaticComplexity="2" maxCrapScore="6" minCrapScore="6" visitedClasses="0" numClasses="0" visitedMethods="0" numMethods="1" />
              <MetadataToken>100663318</MetadataToken>
              <Name>System.Boolean BancoDeDados.ConsoleApp.Controladores.ControladorContato::EditarRegistro(System.Int32,BancoDeDados.ConsoleApp.Dominio.Contato)</Name>
              <FileRef uid="19" />
              <SequencePoints>
                <SequencePoint vc="0" uspid="581" ordinal="0" offset="0" sl="167" sc="9" el="167" ec="10" bec="0" bev="0" fileid="19" />
                <SequencePoint vc="0" uspid="582" ordinal="1" offset="1" sl="168" sc="13" el="168" ec="65" bec="0" bev="0" fileid="19" />
                <SequencePoint vc="0" uspid="583" ordinal="2" offset="7" sl="169" sc="13" el="169" ec="67" bec="0" bev="0" fileid="19" />
                <SequencePoint vc="0" uspid="584" ordinal="3" offset="19" sl="170" sc="13" el="170" ec="36" bec="0" bev="0" fileid="19" />
                <SequencePoint vc="0" uspid="585" ordinal="4" offset="26" sl="172" sc="13" el="172" ec="62" bec="0" bev="0" fileid="19" />
                <SequencePoint vc="0" uspid="586" ordinal="5" offset="32" sl="173" sc="13" el="173" ec="61" bec="0" bev="0" fileid="19" />
                <SequencePoint vc="0" uspid="587" ordinal="6" offset="40" sl="175" sc="13" el="175" ec="56" bec="0" bev="0" fileid="19" />
                <SequencePoint vc="0" uspid="588" ordinal="7" offset="52" sl="177" sc="13" el="177" ec="78" bec="0" bev="0" fileid="19" />
                <SequencePoint vc="0" uspid="589" ordinal="8" offset="75" sl="178" sc="13" el="178" ec="80" bec="0" bev="0" fileid="19" />
                <SequencePoint vc="0" uspid="590" ordinal="9" offset="98" sl="179" sc="13" el="179" ec="86" bec="0" bev="0" fileid="19" />
                <SequencePoint vc="0" uspid="591" ordinal="10" offset="126" sl="180" sc="13" el="180" ec="84" bec="0" bev="0" fileid="19" />
                <SequencePoint vc="0" uspid="592" ordinal="11" offset="149" sl="181" sc="13" el="181" ec="80" bec="0" bev="0" fileid="19" />
                <SequencePoint vc="0" uspid="593" ordinal="12" offset="172" sl="182" sc="13" el="182" ec="77" bec="0" bev="0" fileid="19" />
                <SequencePoint vc="0" uspid="594" ordinal="13" offset="195" sl="184" sc="13" el="184" ec="71" bec="0" bev="0" fileid="19" />
                <SequencePoint vc="0" uspid="595" ordinal="14" offset="202" sl="186" sc="13" el="186" ec="37" bec="0" bev="0" fileid="19" />
                <SequencePoint vc="0" uspid="596" ordinal="15" offset="209" sl="188" sc="13" el="188" ec="36" bec="2" bev="0" fileid="19" />
                <SequencePoint vc="0" uspid="597" ordinal="16" offset="217" sl="189" sc="17" el="189" ec="29" bec="0" bev="0" fileid="19" />
                <SequencePoint vc="0" uspid="598" ordinal="17" offset="222" sl="190" sc="13" el="190" ec="26" bec="0" bev="0" fileid="19" />
                <SequencePoint vc="0" uspid="599" ordinal="18" offset="227" sl="191" sc="9" el="191" ec="10" bec="0" bev="0" fileid="19" />
              </SequencePoints>
              <BranchPoints>
                <BranchPoint vc="0" uspid="600" ordinal="0" offset="215" sl="188" path="0" offsetend="217" fileid="19" />
                <BranchPoint vc="0" uspid="601" ordinal="1" offset="215" sl="188" path="1" offsetend="222" fileid="19" />
              </BranchPoints>
              <MethodPoint xsi:type="SequencePoint" vc="0" uspid="581" ordinal="0" offset="0" sl="167" sc="9" el="167" ec="10" bec="0" bev="0" fileid="19" />
            </Method>
            <Method visited="false" cyclomaticComplexity="2" nPathComplexity="2" sequenceCoverage="0" branchCoverage="0" crapScore="6" isConstructor="false" isStatic="false" isGetter="false" isSetter="false">
              <Summary numSequencePoints="14" visitedSequencePoints="0" numBranchPoints="3" visitedBranchPoints="0" sequenceCoverage="0" branchCoverage="0" maxCyclomaticComplexity="2" minCyclomaticComplexity="2" maxCrapScore="6" minCrapScore="6" visitedClasses="0" numClasses="0" visitedMethods="0" numMethods="1" />
              <MetadataToken>100663319</MetadataToken>
              <Name>System.Boolean BancoDeDados.ConsoleApp.Controladores.ControladorContato::ExcluirRegistro(System.Int32)</Name>
              <FileRef uid="19" />
              <SequencePoints>
                <SequencePoint vc="0" uspid="602" ordinal="0" offset="0" sl="194" sc="9" el="194" ec="10" bec="0" bev="0" fileid="19" />
                <SequencePoint vc="0" uspid="603" ordinal="1" offset="1" sl="195" sc="13" el="195" ec="65" bec="0" bev="0" fileid="19" />
                <SequencePoint vc="0" uspid="604" ordinal="2" offset="7" sl="196" sc="13" el="196" ec="67" bec="0" bev="0" fileid="19" />
                <SequencePoint vc="0" uspid="605" ordinal="3" offset="19" sl="197" sc="13" el="197" ec="36" bec="0" bev="0" fileid="19" />
                <SequencePoint vc="0" uspid="606" ordinal="4" offset="26" sl="199" sc="13" el="199" ec="58" bec="0" bev="0" fileid="19" />
                <SequencePoint vc="0" uspid="607" ordinal="5" offset="32" sl="200" sc="13" el="200" ec="57" bec="0" bev="0" fileid="19" />
                <SequencePoint vc="0" uspid="608" ordinal="6" offset="40" sl="202" sc="13" el="202" ec="53" bec="0" bev="0" fileid="19" />
                <SequencePoint vc="0" uspid="609" ordinal="7" offset="52" sl="204" sc="13" el="204" ec="62" bec="0" bev="0" fileid="19" />
                <SequencePoint vc="0" uspid="610" ordinal="8" offset="75" sl="206" sc="13" el="206" ec="67" bec="0" bev="0" fileid="19" />
                <SequencePoint vc="0" uspid="611" ordinal="9" offset="82" sl="208" sc="13" el="208" ec="37" bec="0" bev="0" fileid="19" />
                <SequencePoint vc="0" uspid="612" ordinal="10" offset="89" sl="210" sc="13" el="210" ec="36" bec="2" bev="0" fileid="19" />
                <SequencePoint vc="0" uspid="613" ordinal="11" offset="97" sl="211" sc="17" el="211" ec="29" bec="0" bev="0" fileid="19" />
                <SequencePoint vc="0" uspid="614" ordinal="12" offset="102" sl="212" sc="13" el="212" ec="26" bec="0" bev="0" fileid="19" />
                <SequencePoint vc="0" uspid="615" ordinal="13" offset="107" sl="213" sc="9" el="213" ec="10" bec="0" bev="0" fileid="19" />
              </SequencePoints>
              <BranchPoints>
                <BranchPoint vc="0" uspid="616" ordinal="0" offset="95" sl="210" path="0" offsetend="97" fileid="19" />
                <BranchPoint vc="0" uspid="617" ordinal="1" offset="95" sl="210" path="1" offsetend="102" fileid="19" />
              </BranchPoints>
              <MethodPoint xsi:type="SequencePoint" vc="0" uspid="602" ordinal="0" offset="0" sl="194" sc="9" el="194" ec="10" bec="0" bev="0" fileid="19" />
            </Method>
            <Method visited="false" cyclomaticComplexity="1" nPathComplexity="0" sequenceCoverage="0" branchCoverage="0" crapScore="2" isConstructor="true" isStatic="false" isGetter="false" isSetter="false">
              <Summary numSequencePoints="0" visitedSequencePoints="0" numBranchPoints="0" visitedBranchPoints="0" sequenceCoverage="0" branchCoverage="0" maxCyclomaticComplexity="1" minCyclomaticComplexity="1" maxCrapScore="2" minCrapScore="2" visitedClasses="0" numClasses="0" visitedMethods="0" numMethods="0" />
              <MetadataToken>100663320</MetadataToken>
              <Name>System.Void BancoDeDados.ConsoleApp.Controladores.ControladorContato::.ctor()</Name>
              <SequencePoints />
              <BranchPoints />
              <MethodPoint vc="0" uspid="618" ordinal="0" offset="0" />
            </Method>
          </Methods>
        </Class>
      </Classes>
    </Module>
  </Modules>
</CoverageSession>